<?xml version="1.0" encoding="utf-8"?><testsuites name="pytest tests"><testsuite name="e2e_tests" errors="0" failures="88" skipped="2" tests="140" time="1001.698" timestamp="2026-02-12T18:53:57.640136+00:00" hostname="f122e6b05c44"><testcase classname="tests.test_agents_ingestor_integration.TestAgentsIngestorIntegration" name="test_agent_can_retrieve_ingestor_context" time="0.330"><failure message="httpx.ConnectError: All connection attempts failed">/usr/local/lib/python3.13/site-packages/httpx/_transports/default.py:101: in map_httpcore_exceptions
    yield
/usr/local/lib/python3.13/site-packages/httpx/_transports/default.py:394: in handle_async_request
    resp = await self._pool.handle_async_request(req)
           ^^^^^^^^^^^^^^^^^^^^^^^^^^^^^^^^^^^^^^^^^^
/usr/local/lib/python3.13/site-packages/httpcore/_async/connection_pool.py:256: in handle_async_request
    raise exc from None
/usr/local/lib/python3.13/site-packages/httpcore/_async/connection_pool.py:236: in handle_async_request
    response = await connection.handle_async_request(
/usr/local/lib/python3.13/site-packages/httpcore/_async/connection.py:101: in handle_async_request
    raise exc
/usr/local/lib/python3.13/site-packages/httpcore/_async/connection.py:78: in handle_async_request
    stream = await self._connect(request)
             ^^^^^^^^^^^^^^^^^^^^^^^^^^^^
/usr/local/lib/python3.13/site-packages/httpcore/_async/connection.py:124: in _connect
    stream = await self._network_backend.connect_tcp(**kwargs)
             ^^^^^^^^^^^^^^^^^^^^^^^^^^^^^^^^^^^^^^^^^^^^^^^^^
/usr/local/lib/python3.13/site-packages/httpcore/_backends/auto.py:31: in connect_tcp
    return await self._backend.connect_tcp(
/usr/local/lib/python3.13/site-packages/httpcore/_backends/anyio.py:113: in connect_tcp
    with map_exceptions(exc_map):
         ^^^^^^^^^^^^^^^^^^^^^^^
/usr/local/lib/python3.13/contextlib.py:162: in __exit__
    self.gen.throw(value)
/usr/local/lib/python3.13/site-packages/httpcore/_exceptions.py:14: in map_exceptions
    raise to_exc(exc) from exc
E   httpcore.ConnectError: All connection attempts failed

The above exception was the direct cause of the following exception:
/sda/sokatov/own/perslad-1/e2e-tests/tests/test_agents_ingestor_integration.py:34: in test_agent_can_retrieve_ingestor_context
    ???
/usr/local/lib/python3.13/site-packages/httpx/_client.py:1859: in post
    return await self.request(
/usr/local/lib/python3.13/site-packages/httpx/_client.py:1540: in request
    return await self.send(request, auth=auth, follow_redirects=follow_redirects)
           ^^^^^^^^^^^^^^^^^^^^^^^^^^^^^^^^^^^^^^^^^^^^^^^^^^^^^^^^^^^^^^^^^^^^^^
/usr/local/lib/python3.13/site-packages/httpx/_client.py:1629: in send
    response = await self._send_handling_auth(
/usr/local/lib/python3.13/site-packages/httpx/_client.py:1657: in _send_handling_auth
    response = await self._send_handling_redirects(
/usr/local/lib/python3.13/site-packages/httpx/_client.py:1694: in _send_handling_redirects
    response = await self._send_single_request(request)
               ^^^^^^^^^^^^^^^^^^^^^^^^^^^^^^^^^^^^^^^^
/usr/local/lib/python3.13/site-packages/httpx/_client.py:1730: in _send_single_request
    response = await transport.handle_async_request(request)
               ^^^^^^^^^^^^^^^^^^^^^^^^^^^^^^^^^^^^^^^^^^^^^
/usr/local/lib/python3.13/site-packages/httpx/_transports/default.py:393: in handle_async_request
    with map_httpcore_exceptions():
         ^^^^^^^^^^^^^^^^^^^^^^^^^
/usr/local/lib/python3.13/contextlib.py:162: in __exit__
    self.gen.throw(value)
/usr/local/lib/python3.13/site-packages/httpx/_transports/default.py:118: in map_httpcore_exceptions
    raise mapped_exc(message) from exc
E   httpx.ConnectError: All connection attempts failed</failure></testcase><testcase classname="tests.test_agents_ingestor_integration.TestAgentsIngestorIntegration" name="test_agent_retrieval_with_ingestor_search" time="0.100"><failure message="httpx.ConnectError: All connection attempts failed">/usr/local/lib/python3.13/site-packages/httpx/_transports/default.py:101: in map_httpcore_exceptions
    yield
/usr/local/lib/python3.13/site-packages/httpx/_transports/default.py:394: in handle_async_request
    resp = await self._pool.handle_async_request(req)
           ^^^^^^^^^^^^^^^^^^^^^^^^^^^^^^^^^^^^^^^^^^
/usr/local/lib/python3.13/site-packages/httpcore/_async/connection_pool.py:256: in handle_async_request
    raise exc from None
/usr/local/lib/python3.13/site-packages/httpcore/_async/connection_pool.py:236: in handle_async_request
    response = await connection.handle_async_request(
/usr/local/lib/python3.13/site-packages/httpcore/_async/connection.py:101: in handle_async_request
    raise exc
/usr/local/lib/python3.13/site-packages/httpcore/_async/connection.py:78: in handle_async_request
    stream = await self._connect(request)
             ^^^^^^^^^^^^^^^^^^^^^^^^^^^^
/usr/local/lib/python3.13/site-packages/httpcore/_async/connection.py:124: in _connect
    stream = await self._network_backend.connect_tcp(**kwargs)
             ^^^^^^^^^^^^^^^^^^^^^^^^^^^^^^^^^^^^^^^^^^^^^^^^^
/usr/local/lib/python3.13/site-packages/httpcore/_backends/auto.py:31: in connect_tcp
    return await self._backend.connect_tcp(
/usr/local/lib/python3.13/site-packages/httpcore/_backends/anyio.py:113: in connect_tcp
    with map_exceptions(exc_map):
         ^^^^^^^^^^^^^^^^^^^^^^^
/usr/local/lib/python3.13/contextlib.py:162: in __exit__
    self.gen.throw(value)
/usr/local/lib/python3.13/site-packages/httpcore/_exceptions.py:14: in map_exceptions
    raise to_exc(exc) from exc
E   httpcore.ConnectError: All connection attempts failed

The above exception was the direct cause of the following exception:
/sda/sokatov/own/perslad-1/e2e-tests/tests/test_agents_ingestor_integration.py:72: in test_agent_retrieval_with_ingestor_search
    ???
/usr/local/lib/python3.13/site-packages/httpx/_client.py:1859: in post
    return await self.request(
/usr/local/lib/python3.13/site-packages/httpx/_client.py:1540: in request
    return await self.send(request, auth=auth, follow_redirects=follow_redirects)
           ^^^^^^^^^^^^^^^^^^^^^^^^^^^^^^^^^^^^^^^^^^^^^^^^^^^^^^^^^^^^^^^^^^^^^^
/usr/local/lib/python3.13/site-packages/httpx/_client.py:1629: in send
    response = await self._send_handling_auth(
/usr/local/lib/python3.13/site-packages/httpx/_client.py:1657: in _send_handling_auth
    response = await self._send_handling_redirects(
/usr/local/lib/python3.13/site-packages/httpx/_client.py:1694: in _send_handling_redirects
    response = await self._send_single_request(request)
               ^^^^^^^^^^^^^^^^^^^^^^^^^^^^^^^^^^^^^^^^
/usr/local/lib/python3.13/site-packages/httpx/_client.py:1730: in _send_single_request
    response = await transport.handle_async_request(request)
               ^^^^^^^^^^^^^^^^^^^^^^^^^^^^^^^^^^^^^^^^^^^^^
/usr/local/lib/python3.13/site-packages/httpx/_transports/default.py:393: in handle_async_request
    with map_httpcore_exceptions():
         ^^^^^^^^^^^^^^^^^^^^^^^^^
/usr/local/lib/python3.13/contextlib.py:162: in __exit__
    self.gen.throw(value)
/usr/local/lib/python3.13/site-packages/httpx/_transports/default.py:118: in map_httpcore_exceptions
    raise mapped_exc(message) from exc
E   httpx.ConnectError: All connection attempts failed</failure></testcase><testcase classname="tests.test_agents_ingestor_integration.TestAgentsIngestorIntegration" name="test_agent_decision_with_ingestor_context" time="0.103"><failure message="httpx.ConnectError: All connection attempts failed">/usr/local/lib/python3.13/site-packages/httpx/_transports/default.py:101: in map_httpcore_exceptions
    yield
/usr/local/lib/python3.13/site-packages/httpx/_transports/default.py:394: in handle_async_request
    resp = await self._pool.handle_async_request(req)
           ^^^^^^^^^^^^^^^^^^^^^^^^^^^^^^^^^^^^^^^^^^
/usr/local/lib/python3.13/site-packages/httpcore/_async/connection_pool.py:256: in handle_async_request
    raise exc from None
/usr/local/lib/python3.13/site-packages/httpcore/_async/connection_pool.py:236: in handle_async_request
    response = await connection.handle_async_request(
/usr/local/lib/python3.13/site-packages/httpcore/_async/connection.py:101: in handle_async_request
    raise exc
/usr/local/lib/python3.13/site-packages/httpcore/_async/connection.py:78: in handle_async_request
    stream = await self._connect(request)
             ^^^^^^^^^^^^^^^^^^^^^^^^^^^^
/usr/local/lib/python3.13/site-packages/httpcore/_async/connection.py:124: in _connect
    stream = await self._network_backend.connect_tcp(**kwargs)
             ^^^^^^^^^^^^^^^^^^^^^^^^^^^^^^^^^^^^^^^^^^^^^^^^^
/usr/local/lib/python3.13/site-packages/httpcore/_backends/auto.py:31: in connect_tcp
    return await self._backend.connect_tcp(
/usr/local/lib/python3.13/site-packages/httpcore/_backends/anyio.py:113: in connect_tcp
    with map_exceptions(exc_map):
         ^^^^^^^^^^^^^^^^^^^^^^^
/usr/local/lib/python3.13/contextlib.py:162: in __exit__
    self.gen.throw(value)
/usr/local/lib/python3.13/site-packages/httpcore/_exceptions.py:14: in map_exceptions
    raise to_exc(exc) from exc
E   httpcore.ConnectError: All connection attempts failed

The above exception was the direct cause of the following exception:
/sda/sokatov/own/perslad-1/e2e-tests/tests/test_agents_ingestor_integration.py:136: in test_agent_decision_with_ingestor_context
    ???
/usr/local/lib/python3.13/site-packages/httpx/_client.py:1859: in post
    return await self.request(
/usr/local/lib/python3.13/site-packages/httpx/_client.py:1540: in request
    return await self.send(request, auth=auth, follow_redirects=follow_redirects)
           ^^^^^^^^^^^^^^^^^^^^^^^^^^^^^^^^^^^^^^^^^^^^^^^^^^^^^^^^^^^^^^^^^^^^^^
/usr/local/lib/python3.13/site-packages/httpx/_client.py:1629: in send
    response = await self._send_handling_auth(
/usr/local/lib/python3.13/site-packages/httpx/_client.py:1657: in _send_handling_auth
    response = await self._send_handling_redirects(
/usr/local/lib/python3.13/site-packages/httpx/_client.py:1694: in _send_handling_redirects
    response = await self._send_single_request(request)
               ^^^^^^^^^^^^^^^^^^^^^^^^^^^^^^^^^^^^^^^^
/usr/local/lib/python3.13/site-packages/httpx/_client.py:1730: in _send_single_request
    response = await transport.handle_async_request(request)
               ^^^^^^^^^^^^^^^^^^^^^^^^^^^^^^^^^^^^^^^^^^^^^
/usr/local/lib/python3.13/site-packages/httpx/_transports/default.py:393: in handle_async_request
    with map_httpcore_exceptions():
         ^^^^^^^^^^^^^^^^^^^^^^^^^
/usr/local/lib/python3.13/contextlib.py:162: in __exit__
    self.gen.throw(value)
/usr/local/lib/python3.13/site-packages/httpx/_transports/default.py:118: in map_httpcore_exceptions
    raise mapped_exc(message) from exc
E   httpx.ConnectError: All connection attempts failed</failure></testcase><testcase classname="tests.test_agents_ingestor_integration.TestAgentsIngestorIntegration" name="test_agent_tool_calling_with_ingestor_context" time="0.110"><failure message="httpx.ConnectError: All connection attempts failed">/usr/local/lib/python3.13/site-packages/httpx/_transports/default.py:101: in map_httpcore_exceptions
    yield
/usr/local/lib/python3.13/site-packages/httpx/_transports/default.py:394: in handle_async_request
    resp = await self._pool.handle_async_request(req)
           ^^^^^^^^^^^^^^^^^^^^^^^^^^^^^^^^^^^^^^^^^^
/usr/local/lib/python3.13/site-packages/httpcore/_async/connection_pool.py:256: in handle_async_request
    raise exc from None
/usr/local/lib/python3.13/site-packages/httpcore/_async/connection_pool.py:236: in handle_async_request
    response = await connection.handle_async_request(
/usr/local/lib/python3.13/site-packages/httpcore/_async/connection.py:101: in handle_async_request
    raise exc
/usr/local/lib/python3.13/site-packages/httpcore/_async/connection.py:78: in handle_async_request
    stream = await self._connect(request)
             ^^^^^^^^^^^^^^^^^^^^^^^^^^^^
/usr/local/lib/python3.13/site-packages/httpcore/_async/connection.py:124: in _connect
    stream = await self._network_backend.connect_tcp(**kwargs)
             ^^^^^^^^^^^^^^^^^^^^^^^^^^^^^^^^^^^^^^^^^^^^^^^^^
/usr/local/lib/python3.13/site-packages/httpcore/_backends/auto.py:31: in connect_tcp
    return await self._backend.connect_tcp(
/usr/local/lib/python3.13/site-packages/httpcore/_backends/anyio.py:113: in connect_tcp
    with map_exceptions(exc_map):
         ^^^^^^^^^^^^^^^^^^^^^^^
/usr/local/lib/python3.13/contextlib.py:162: in __exit__
    self.gen.throw(value)
/usr/local/lib/python3.13/site-packages/httpcore/_exceptions.py:14: in map_exceptions
    raise to_exc(exc) from exc
E   httpcore.ConnectError: All connection attempts failed

The above exception was the direct cause of the following exception:
/sda/sokatov/own/perslad-1/e2e-tests/tests/test_agents_ingestor_integration.py:194: in test_agent_tool_calling_with_ingestor_context
    ???
/usr/local/lib/python3.13/site-packages/httpx/_client.py:1859: in post
    return await self.request(
/usr/local/lib/python3.13/site-packages/httpx/_client.py:1540: in request
    return await self.send(request, auth=auth, follow_redirects=follow_redirects)
           ^^^^^^^^^^^^^^^^^^^^^^^^^^^^^^^^^^^^^^^^^^^^^^^^^^^^^^^^^^^^^^^^^^^^^^
/usr/local/lib/python3.13/site-packages/httpx/_client.py:1629: in send
    response = await self._send_handling_auth(
/usr/local/lib/python3.13/site-packages/httpx/_client.py:1657: in _send_handling_auth
    response = await self._send_handling_redirects(
/usr/local/lib/python3.13/site-packages/httpx/_client.py:1694: in _send_handling_redirects
    response = await self._send_single_request(request)
               ^^^^^^^^^^^^^^^^^^^^^^^^^^^^^^^^^^^^^^^^
/usr/local/lib/python3.13/site-packages/httpx/_client.py:1730: in _send_single_request
    response = await transport.handle_async_request(request)
               ^^^^^^^^^^^^^^^^^^^^^^^^^^^^^^^^^^^^^^^^^^^^^
/usr/local/lib/python3.13/site-packages/httpx/_transports/default.py:393: in handle_async_request
    with map_httpcore_exceptions():
         ^^^^^^^^^^^^^^^^^^^^^^^^^
/usr/local/lib/python3.13/contextlib.py:162: in __exit__
    self.gen.throw(value)
/usr/local/lib/python3.13/site-packages/httpx/_transports/default.py:118: in map_httpcore_exceptions
    raise mapped_exc(message) from exc
E   httpx.ConnectError: All connection attempts failed</failure></testcase><testcase classname="tests.test_agents_ingestor_integration.TestAgentsIngestorIntegration" name="test_agent_multi_turn_conversation_with_ingestor" time="0.100"><failure message="httpx.ConnectError: All connection attempts failed">/usr/local/lib/python3.13/site-packages/httpx/_transports/default.py:101: in map_httpcore_exceptions
    yield
/usr/local/lib/python3.13/site-packages/httpx/_transports/default.py:394: in handle_async_request
    resp = await self._pool.handle_async_request(req)
           ^^^^^^^^^^^^^^^^^^^^^^^^^^^^^^^^^^^^^^^^^^
/usr/local/lib/python3.13/site-packages/httpcore/_async/connection_pool.py:256: in handle_async_request
    raise exc from None
/usr/local/lib/python3.13/site-packages/httpcore/_async/connection_pool.py:236: in handle_async_request
    response = await connection.handle_async_request(
/usr/local/lib/python3.13/site-packages/httpcore/_async/connection.py:101: in handle_async_request
    raise exc
/usr/local/lib/python3.13/site-packages/httpcore/_async/connection.py:78: in handle_async_request
    stream = await self._connect(request)
             ^^^^^^^^^^^^^^^^^^^^^^^^^^^^
/usr/local/lib/python3.13/site-packages/httpcore/_async/connection.py:124: in _connect
    stream = await self._network_backend.connect_tcp(**kwargs)
             ^^^^^^^^^^^^^^^^^^^^^^^^^^^^^^^^^^^^^^^^^^^^^^^^^
/usr/local/lib/python3.13/site-packages/httpcore/_backends/auto.py:31: in connect_tcp
    return await self._backend.connect_tcp(
/usr/local/lib/python3.13/site-packages/httpcore/_backends/anyio.py:113: in connect_tcp
    with map_exceptions(exc_map):
         ^^^^^^^^^^^^^^^^^^^^^^^
/usr/local/lib/python3.13/contextlib.py:162: in __exit__
    self.gen.throw(value)
/usr/local/lib/python3.13/site-packages/httpcore/_exceptions.py:14: in map_exceptions
    raise to_exc(exc) from exc
E   httpcore.ConnectError: All connection attempts failed

The above exception was the direct cause of the following exception:
/sda/sokatov/own/perslad-1/e2e-tests/tests/test_agents_ingestor_integration.py:269: in test_agent_multi_turn_conversation_with_ingestor
    ???
/usr/local/lib/python3.13/site-packages/httpx/_client.py:1859: in post
    return await self.request(
/usr/local/lib/python3.13/site-packages/httpx/_client.py:1540: in request
    return await self.send(request, auth=auth, follow_redirects=follow_redirects)
           ^^^^^^^^^^^^^^^^^^^^^^^^^^^^^^^^^^^^^^^^^^^^^^^^^^^^^^^^^^^^^^^^^^^^^^
/usr/local/lib/python3.13/site-packages/httpx/_client.py:1629: in send
    response = await self._send_handling_auth(
/usr/local/lib/python3.13/site-packages/httpx/_client.py:1657: in _send_handling_auth
    response = await self._send_handling_redirects(
/usr/local/lib/python3.13/site-packages/httpx/_client.py:1694: in _send_handling_redirects
    response = await self._send_single_request(request)
               ^^^^^^^^^^^^^^^^^^^^^^^^^^^^^^^^^^^^^^^^
/usr/local/lib/python3.13/site-packages/httpx/_client.py:1730: in _send_single_request
    response = await transport.handle_async_request(request)
               ^^^^^^^^^^^^^^^^^^^^^^^^^^^^^^^^^^^^^^^^^^^^^
/usr/local/lib/python3.13/site-packages/httpx/_transports/default.py:393: in handle_async_request
    with map_httpcore_exceptions():
         ^^^^^^^^^^^^^^^^^^^^^^^^^
/usr/local/lib/python3.13/contextlib.py:162: in __exit__
    self.gen.throw(value)
/usr/local/lib/python3.13/site-packages/httpx/_transports/default.py:118: in map_httpcore_exceptions
    raise mapped_exc(message) from exc
E   httpx.ConnectError: All connection attempts failed</failure></testcase><testcase classname="tests.test_agents_ingestor_integration.TestAgentsIngestorIntegration" name="test_agent_context_retrieval_performance" time="5.169" /><testcase classname="tests.test_agents_ingestor_integration.TestAgentsIngestorIntegration" name="test_agent_error_recovery_with_ingestor" time="0.628" /><testcase classname="tests.test_agents_ingestor_integration.TestAgentsIngestorIntegration" name="test_agent_context_retrieval_limiting" time="0.179"><failure message="assert 404 == 200&#10; +  where 404 = &lt;Response [404 Not Found]&gt;.status_code">/sda/sokatov/own/perslad-1/e2e-tests/tests/test_agents_ingestor_integration.py:399: in test_agent_context_retrieval_limiting
    ???
E   assert 404 == 200
E    +  where 404 = &lt;Response [404 Not Found]&gt;.status_code</failure></testcase><testcase classname="tests.test_agents_ingestor_integration.TestAgentsIngestorIntegration" name="test_agent_context_retrieval_with_metadata" time="0.135"><failure message="assert 404 == 200&#10; +  where 404 = &lt;Response [404 Not Found]&gt;.status_code">/sda/sokatov/own/perslad-1/e2e-tests/tests/test_agents_ingestor_integration.py:442: in test_agent_context_retrieval_with_metadata
    ???
E   assert 404 == 200
E    +  where 404 = &lt;Response [404 Not Found]&gt;.status_code</failure></testcase><testcase classname="tests.test_agents_ingestor_integration.TestAgentsIngestorIntegration" name="test_agent_context_retrieval_with_semantic_search" time="0.145"><failure message="assert 404 == 200&#10; +  where 404 = &lt;Response [404 Not Found]&gt;.status_code">/sda/sokatov/own/perslad-1/e2e-tests/tests/test_agents_ingestor_integration.py:487: in test_agent_context_retrieval_with_semantic_search
    ???
E   assert 404 == 200
E    +  where 404 = &lt;Response [404 Not Found]&gt;.status_code</failure></testcase><testcase classname="tests.test_agents_ingestor_integration.TestAgentsIngestorIntegration" name="test_agent_context_retrieval_error_handling" time="0.110"><failure message="assert 404 in [200, 400]&#10; +  where 404 = &lt;Response [404 Not Found]&gt;.status_code">/sda/sokatov/own/perslad-1/e2e-tests/tests/test_agents_ingestor_integration.py:521: in test_agent_context_retrieval_error_handling
    ???
E   assert 404 in [200, 400]
E    +  where 404 = &lt;Response [404 Not Found]&gt;.status_code</failure></testcase><testcase classname="tests.test_agents_ingestor_integration.TestAgentsIngestorIntegration" name="test_agent_context_retrieval_with_complex_queries" time="0.150"><failure message="assert 404 == 200&#10; +  where 404 = &lt;Response [404 Not Found]&gt;.status_code">/sda/sokatov/own/perslad-1/e2e-tests/tests/test_agents_ingestor_integration.py:553: in test_agent_context_retrieval_with_complex_queries
    ???
E   assert 404 == 200
E    +  where 404 = &lt;Response [404 Not Found]&gt;.status_code</failure></testcase><testcase classname="tests.test_agents_ingestor_integration.TestAgentsIngestorIntegration" name="test_agent_context_retrieval_with_history" time="0.132"><failure message="assert 404 == 200&#10; +  where 404 = &lt;Response [404 Not Found]&gt;.status_code">/sda/sokatov/own/perslad-1/e2e-tests/tests/test_agents_ingestor_integration.py:590: in test_agent_context_retrieval_with_history
    ???
E   assert 404 == 200
E    +  where 404 = &lt;Response [404 Not Found]&gt;.status_code</failure></testcase><testcase classname="tests.test_agents_ingestor_integration.TestAgentsIngestorIntegration" name="test_agent_context_retrieval_with_different_file_types" time="0.163"><failure message="assert 404 == 200&#10; +  where 404 = &lt;Response [404 Not Found]&gt;.status_code">/sda/sokatov/own/perslad-1/e2e-tests/tests/test_agents_ingestor_integration.py:654: in test_agent_context_retrieval_with_different_file_types
    ???
E   assert 404 == 200
E    +  where 404 = &lt;Response [404 Not Found]&gt;.status_code</failure></testcase><testcase classname="tests.test_agents_ingestor_integration.TestAgentsIngestorIntegration" name="test_agent_context_retrieval_concurrent" time="0.160"><failure message="assert 404 == 200&#10; +  where 404 = &lt;Response [404 Not Found]&gt;.status_code">/sda/sokatov/own/perslad-1/e2e-tests/tests/test_agents_ingestor_integration.py:695: in test_agent_context_retrieval_concurrent
    ???
E   assert 404 == 200
E    +  where 404 = &lt;Response [404 Not Found]&gt;.status_code</failure></testcase><testcase classname="tests.test_agents_ingestor_integration.TestAgentsIngestorIntegration" name="test_agent_context_retrieval_cancellation" time="0.132"><failure message="assert 404 == 200&#10; +  where 404 = &lt;Response [404 Not Found]&gt;.status_code">/sda/sokatov/own/perslad-1/e2e-tests/tests/test_agents_ingestor_integration.py:730: in test_agent_context_retrieval_cancellation
    ???
E   assert 404 == 200
E    +  where 404 = &lt;Response [404 Not Found]&gt;.status_code</failure></testcase><testcase classname="tests.test_component_ingestor.TestIngestorComponent" name="test_ingestor_health" time="0.114"><failure message="AssertionError: assert 'running' == 'ready'&#10;  &#10;  - ready&#10;  + running">/sda/sokatov/own/perslad-1/e2e-tests/tests/test_component_ingestor.py:23: in test_ingestor_health
    ???
E   AssertionError: assert 'running' == 'ready'
E     
E     - ready
E     + running</failure></testcase><testcase classname="tests.test_component_ingestor.TestIngestorComponent" name="test_ingestor_ingest_text" time="0.133"><failure message="assert 404 == 200&#10; +  where 404 = &lt;Response [404 Not Found]&gt;.status_code">/sda/sokatov/own/perslad-1/e2e-tests/tests/test_component_ingestor.py:45: in test_ingestor_ingest_text
    ???
E   assert 404 == 200
E    +  where 404 = &lt;Response [404 Not Found]&gt;.status_code</failure></testcase><testcase classname="tests.test_component_ingestor.TestIngestorComponent" name="test_ingestor_ingest_code" time="0.086"><failure message="assert 404 == 200&#10; +  where 404 = &lt;Response [404 Not Found]&gt;.status_code">/sda/sokatov/own/perslad-1/e2e-tests/tests/test_component_ingestor.py:84: in test_ingestor_ingest_code
    ???
E   assert 404 == 200
E    +  where 404 = &lt;Response [404 Not Found]&gt;.status_code</failure></testcase><testcase classname="tests.test_component_ingestor.TestIngestorComponent" name="test_ingestor_ingest_markdown" time="0.112"><failure message="assert 404 == 200&#10; +  where 404 = &lt;Response [404 Not Found]&gt;.status_code">/sda/sokatov/own/perslad-1/e2e-tests/tests/test_component_ingestor.py:110: in test_ingestor_ingest_markdown
    ???
E   assert 404 == 200
E    +  where 404 = &lt;Response [404 Not Found]&gt;.status_code</failure></testcase><testcase classname="tests.test_component_ingestor.TestIngestorComponent" name="test_ingestor_ingest_json" time="0.102"><failure message="assert 404 == 200&#10; +  where 404 = &lt;Response [404 Not Found]&gt;.status_code">/sda/sokatov/own/perslad-1/e2e-tests/tests/test_component_ingestor.py:142: in test_ingestor_ingest_json
    ???
E   assert 404 == 200
E    +  where 404 = &lt;Response [404 Not Found]&gt;.status_code</failure></testcase><testcase classname="tests.test_component_ingestor.TestIngestorComponent" name="test_ingestor_batch_ingestion" time="0.093"><failure message="assert 404 == 200&#10; +  where 404 = &lt;Response [404 Not Found]&gt;.status_code">/sda/sokatov/own/perslad-1/e2e-tests/tests/test_component_ingestor.py:172: in test_ingestor_batch_ingestion
    ???
E   assert 404 == 200
E    +  where 404 = &lt;Response [404 Not Found]&gt;.status_code</failure></testcase><testcase classname="tests.test_component_ingestor.TestIngestorComponent" name="test_ingestor_search" time="0.094"><failure message="assert 404 == 200&#10; +  where 404 = &lt;Response [404 Not Found]&gt;.status_code">/sda/sokatov/own/perslad-1/e2e-tests/tests/test_component_ingestor.py:198: in test_ingestor_search
    ???
E   assert 404 == 200
E    +  where 404 = &lt;Response [404 Not Found]&gt;.status_code</failure></testcase><testcase classname="tests.test_component_ingestor.TestIngestorComponent" name="test_ingestor_metadata_extraction" time="0.119"><failure message="assert 404 == 200&#10; +  where 404 = &lt;Response [404 Not Found]&gt;.status_code">/sda/sokatov/own/perslad-1/e2e-tests/tests/test_component_ingestor.py:237: in test_ingestor_metadata_extraction
    ???
E   assert 404 == 200
E    +  where 404 = &lt;Response [404 Not Found]&gt;.status_code</failure></testcase><testcase classname="tests.test_component_ingestor.TestIngestorComponent" name="test_ingestor_error_handling" time="0.106"><failure message="assert 404 in [400, 422]&#10; +  where 404 = &lt;Response [404 Not Found]&gt;.status_code">/sda/sokatov/own/perslad-1/e2e-tests/tests/test_component_ingestor.py:258: in test_ingestor_error_handling
    ???
E   assert 404 in [400, 422]
E    +  where 404 = &lt;Response [404 Not Found]&gt;.status_code</failure></testcase><testcase classname="tests.test_component_ingestor.TestIngestorComponent" name="test_ingestor_status_tracking" time="0.102"><failure message="UnboundLocalError: cannot access local variable 'ingest_response' where it is not associated with a value">/sda/sokatov/own/perslad-1/e2e-tests/tests/test_component_ingestor.py:273: in test_ingestor_status_tracking
    ???
E   UnboundLocalError: cannot access local variable 'ingest_response' where it is not associated with a value</failure></testcase><testcase classname="tests.test_component_langgraph.TestLangGraphComponent" name="test_langgraph_health" time="0.107"><failure message="AssertionError: assert 'healthy' == 'ready'&#10;  &#10;  - ready&#10;  + healthy">/sda/sokatov/own/perslad-1/e2e-tests/tests/test_component_langgraph.py:27: in test_langgraph_health
    ???
E   AssertionError: assert 'healthy' == 'ready'
E     
E     - ready
E     + healthy</failure></testcase><testcase classname="tests.test_component_langgraph.TestLangGraphComponent" name="test_langgraph_chat_completion" time="0.211" /><testcase classname="tests.test_component_langgraph.TestLangGraphComponent" name="test_langgraph_streaming_chat" time="5.903" /><testcase classname="tests.test_component_langgraph.TestLangGraphComponent" name="test_langgraph_with_tools" time="1.262" /><testcase classname="tests.test_component_langgraph.TestLangGraphComponent" name="test_langgraph_multi_turn_conversation" time="1.776" /><testcase classname="tests.test_component_langgraph.TestLangGraphComponent" name="test_langgraph_system_message" time="6.693" /><testcase classname="tests.test_component_langgraph.TestLangGraphComponent" name="test_langgraph_temperature_control" time="182.793" /><testcase classname="tests.test_component_langgraph.TestLangGraphComponent" name="test_langgraph_max_tokens" time="57.106"><failure message="assert 833 &lt; 20&#10; +  where 833 = len(['Machine', 'learning', 'is', 'a', 'subset', 'of', 'artificial', 'intelligence', 'that', 'focuses', 'on', 'developing', 'algorithms', 'and', 'statistical', 'models', 'that', 'enable', 'computer', 'systems', 'to', 'improve', 'their', 'performance', 'on', 'a', 'specific', 'task', 'through', 'experience.', 'This', 'process', 'of', 'learning', 'from', 'data', 'is', 'crucial', 'for', 'building', 'intelligent', 'systems', 'that', 'can', 'adapt', 'and', 'make', 'decisions', 'without', 'explicit', 'programming.', '###', 'Key', 'Concepts', 'in', 'Machine', 'Learning', '1.', '**Data**:', 'The', 'foundation', 'of', 'machine', 'learning', 'is', 'data.', 'Data', 'can', 'be', 'structured', '(like', 'in', 'databases)', 'or', 'unstructured', '(like', 'text,', 'images,', 'and', 'audio).', 'The', 'quality,', 'quantity,', 'and', 'relevance', 'of', 'the', 'data', 'are', 'critical', 'for', 'the', 'success', 'of', 'a', 'machine', 'learning', 'project.', '2.', '**Features**:', 'Features', 'are', 'the', 'input', 'variables', 'used', 'to', 'train', 'a', 'machine', 'learning', 'model.', 'They', 'can', 'be', 'numerical,', 'categorical,', 'or', 'even', 'derived', 'from', 'the', 'data', '(e.g.,', 'through', 'text', 'processing', 'or', 'image', 'analysis).', '3.', '**Labels**:', 'In', 'supervised', 'learning,', 'labels', 'are', 'the', 'output', 'variables', 'that', 'the', 'model', 'tries', 'to', 'predict.', 'Labels', 'can', 'be', 'continuous', '(regression)', 'or', 'categorical', '(classification).', '4.', '**Training**:', 'The', 'process', 'of', 'teaching', 'a', 'machine', 'learning', 'model', 'to', 'recognize', 'patterns', 'in', 'data.', 'This', 'involves', 'presenting', 'the', 'model', 'with', 'labeled', 'examples', 'and', 'adjusting', 'its', 'parameters', 'to', 'minimize', 'prediction', 'errors.', '5.', '**Validation**:', 'Ensuring', 'that', 'the', 'model', 'generalizes', 'well', 'to', 'unseen', 'data.', 'This', 'is', 'typically', 'done', 'by', 'splitting', 'the', 'data', 'into', 'training', 'and', 'validation', 'sets,', 'or', 'using', 'techniques', 'like', 'cross-validation.', '6.', '**Testing**:', 'Evaluating', 'the', 'final', 'performance', 'of', 'the', 'model', 'on', 'a', 'completely', 'separate', 'dataset', 'that', 'was', 'not', 'used', 'during', 'training', 'or', 'validation.', '7.', '**Model', 'Evaluation', 'Metrics**:', 'Various', 'metrics', 'are', 'used', 'to', 'evaluate', 'the', 'performance', 'of', 'a', 'machine', 'learning', 'model,', 'such', 'as', 'accuracy,', 'precision,', 'recall,', 'F1', 'score,', 'ROC-AUC,', 'etc.', '8.', '**Bias', 'and', 'Variance**:', 'Bias', 'refers', 'to', 'the', 'error', 'introduced', 'by', 'approximating', 'a', 'real-world', 'problem,', 'which', 'may', 'be', 'complex,', 'with', 'a', 'simplified', 'model.', 'Variance', 'refers', 'to', 'the', 'error', 'introduced', 'by', 'the', &quot;model's&quot;, 'sensitivity', 'to', 'small', 'fluctuations', 'in', 'the', 'training', 'data.', 'Balancing', 'bias', 'and', 'variance', 'is', 'crucial', 'for', 'building', 'robust', 'models.', '9.', '**Overfitting', 'and', 'Underfitting**:', 'Overfitting', 'occurs', 'when', 'a', 'model', 'is', 'too', 'complex', 'and', 'captures', 'noise', 'in', 'the', 'training', 'data,', 'leading', 'to', 'poor', 'generalization.', 'Underfitting', 'happens', 'when', 'a', 'model', 'is', 'too', 'simple', 'and', 'fails', 'to', 'capture', 'the', 'underlying', 'patterns', 'in', 'the', 'data.', '10.', '**Regularization**:', 'Techniques', 'to', 'prevent', 'overfitting', 'by', 'adding', 'constraints', 'to', 'the', &quot;model's&quot;, 'complexity,', 'such', 'as', 'L1', 'and', 'L2', 'regularization.', '11.', '**Ensemble', 'Methods**:', 'Combining', 'multiple', 'models', 'to', 'improve', 'overall', 'performance.', 'Techniques', 'like', 'bagging,', 'boosting,', 'and', 'stacking', 'are', 'widely', 'used.', '12.', '**Deep', 'Learning**:', 'A', 'subset', 'of', 'machine', 'learning', 'that', 'uses', 'neural', 'networks', 'with', 'many', 'layers', 'to', 'learn', 'hierarchical', 'representations', 'of', 'data.', 'Deep', 'learning', 'has', 'achieved', 'state-of-the-art', 'results', 'in', 'many', 'domains,', 'including', 'computer', 'vision,', 'natural', 'language', 'processing,', 'and', 'speech', 'recognition.', '###', 'Types', 'of', 'Machine', 'Learning', '1.', '**Supervised', 'Learning**:', 'Models', 'are', 'trained', 'on', 'labeled', 'data,', 'where', 'the', 'correct', 'output', 'is', 'provided.', 'Examples', 'include', 'linear', 'regression,', 'logistic', 'regression,', 'support', 'vector', 'machines,', 'and', 'neural', 'networks.', '2.', '**Unsupervised', 'Learning**:', 'Models', 'are', 'trained', 'on', 'unlabeled', 'data,', 'where', 'the', 'goal', 'is', 'to', 'discover', 'hidden', 'patterns', 'or', 'groupings.', 'Examples', 'include', 'clustering', '(k-means,', 'hierarchical', 'clustering)', 'and', 'dimensionality', 'reduction', '(PCA,', 't-SNE).', '3.', '**Reinforcement', 'Learning**:', 'Models', 'learn', 'to', 'make', 'decisions', 'in', 'an', 'environment', 'by', 'receiving', 'rewards', 'or', 'penalties.', 'The', 'goal', 'is', 'to', 'maximize', 'cumulative', 'reward.', 'Examples', 'include', 'Q-learning,', 'policy', 'gradients,', 'and', 'deep', 'reinforcement', 'learning.', '4.', '**Semi-Supervised', 'Learning**:', 'Models', 'are', 'trained', 'on', 'a', 'combination', 'of', 'labeled', 'and', 'unlabeled', 'data.', 'This', 'can', 'be', 'useful', 'when', 'labeled', 'data', 'is', 'scarce', 'or', 'expensive', 'to', 'obtain.', '###', 'Applications', 'of', 'Machine', 'Learning', '1.', '**Computer', 'Vision**:', 'Image', 'classification,', 'object', 'detection,', 'facial', 'recognition,', 'and', 'more.', '2.', '**Natural', 'Language', 'Processing', '(NLP)**:', 'Sentiment', 'analysis,', 'text', 'summarization,', 'machine', 'translation,', 'and', 'more.', '3.', '**Healthcare**:', 'Disease', 'diagnosis,', 'drug', 'discovery,', 'patient', 'monitoring,', 'and', 'more.', '4.', '**Finance**:', 'Fraud', 'detection,', 'risk', 'assessment,', 'algorithmic', 'trading,', 'and', 'more.', '5.', '**Autonomous', 'Vehicles**:', 'Object', 'detection,', 'lane', 'detection,', 'and', 'path', 'planning.', '6.', '**Recommendation', 'Systems**:', 'Personalized', 'recommendations', 'for', 'products,', 'movies,', 'and', 'more.', '7.', '**Robotics**:', 'Motion', 'planning,', 'object', 'manipulation,', 'and', 'more.', '###', 'Challenges', 'in', 'Machine', 'Learning', '1.', '**Data', 'Quality**:', 'Ensuring', 'that', 'the', 'data', 'is', 'clean,', 'relevant,', 'and', 'representative', 'of', 'the', 'problem', 'domain.', '2.', '**Computational', 'Resources**:', 'Training', 'complex', 'models', 'can', 'be', 'computationally', 'expensive', 'and', 'time-consuming.', '3.', '**Interpretability**:', 'Understanding', 'how', 'a', 'model', 'makes', 'decisions', 'can', 'be', 'challenging,', 'especially', 'in', 'complex', 'models', 'like', 'deep', 'neural', 'networks.', '4.', '**Ethical', 'Considerations**:', 'Ensuring', 'that', 'models', 'are', 'fair,', 'unbiased,', 'and', 'do', 'not', 'perpetuate', 'harmful', 'stereotypes.', '###', 'Future', 'Trends', 'in', 'Machine', 'Learning', '1.', '**Explainable', 'AI', '(XAI)**:', 'Developing', 'methods', 'to', 'make', 'machine', 'learning', 'models', 'more', 'transparent', 'and', 'interpretable.', '2.', '**AutoML**:', 'Automating', 'the', 'process', 'of', 'building', 'machine', 'learning', 'models,', 'including', 'data', 'preprocessing,', 'model', 'selection,', 'and', 'hyperparameter', 'tuning.', '3.', '**Edge', 'Computing**:', 'Deploying', 'machine', 'learning', 'models', 'on', 'devices', 'at', 'the', 'edge', 'of', 'the', 'network', 'to', 'reduce', 'latency', 'and', 'improve', 'performance.', '4.', '**Quantum', 'Machine', 'Learning**:', 'Exploring', 'the', 'potential', 'of', 'quantum', 'computing', 'to', 'enhance', 'machine', 'learning', 'algorithms.', 'In', 'conclusion,', 'machine', 'learning', 'is', 'a', 'powerful', 'tool', 'for', 'solving', 'a', 'wide', 'range', 'of', 'problems,', 'from', 'simple', 'regression', 'tasks', 'to', 'complex', 'decision-making', 'processes.', 'However,', 'it', 'requires', 'careful', 'consideration', 'of', 'data,', 'model', 'selection,', 'and', 'evaluation', 'to', 'achieve', 'optimal', 'results.', 'As', 'the', 'field', 'continues', 'to', 'evolve,', 'we', 'can', 'expect', 'to', 'see', 'more', 'sophisticated', 'and', 'interpretable', 'models', 'that', 'can', 'address', 'the', 'challenges', 'of', 'the', 'modern', 'world.'])&#10; +    where ['Machine', 'learning', 'is', 'a', 'subset', 'of', 'artificial', 'intelligence', 'that', 'focuses', 'on', 'developing', 'algorithms', 'and', 'statistical', 'models', 'that', 'enable', 'computer', 'systems', 'to', 'improve', 'their', 'performance', 'on', 'a', 'specific', 'task', 'through', 'experience.', 'This', 'process', 'of', 'learning', 'from', 'data', 'is', 'crucial', 'for', 'building', 'intelligent', 'systems', 'that', 'can', 'adapt', 'and', 'make', 'decisions', 'without', 'explicit', 'programming.', '###', 'Key', 'Concepts', 'in', 'Machine', 'Learning', '1.', '**Data**:', 'The', 'foundation', 'of', 'machine', 'learning', 'is', 'data.', 'Data', 'can', 'be', 'structured', '(like', 'in', 'databases)', 'or', 'unstructured', '(like', 'text,', 'images,', 'and', 'audio).', 'The', 'quality,', 'quantity,', 'and', 'relevance', 'of', 'the', 'data', 'are', 'critical', 'for', 'the', 'success', 'of', 'a', 'machine', 'learning', 'project.', '2.', '**Features**:', 'Features', 'are', 'the', 'input', 'variables', 'used', 'to', 'train', 'a', 'machine', 'learning', 'model.', 'They', 'can', 'be', 'numerical,', 'categorical,', 'or', 'even', 'derived', 'from', 'the', 'data', '(e.g.,', 'through', 'text', 'processing', 'or', 'image', 'analysis).', '3.', '**Labels**:', 'In', 'supervised', 'learning,', 'labels', 'are', 'the', 'output', 'variables', 'that', 'the', 'model', 'tries', 'to', 'predict.', 'Labels', 'can', 'be', 'continuous', '(regression)', 'or', 'categorical', '(classification).', '4.', '**Training**:', 'The', 'process', 'of', 'teaching', 'a', 'machine', 'learning', 'model', 'to', 'recognize', 'patterns', 'in', 'data.', 'This', 'involves', 'presenting', 'the', 'model', 'with', 'labeled', 'examples', 'and', 'adjusting', 'its', 'parameters', 'to', 'minimize', 'prediction', 'errors.', '5.', '**Validation**:', 'Ensuring', 'that', 'the', 'model', 'generalizes', 'well', 'to', 'unseen', 'data.', 'This', 'is', 'typically', 'done', 'by', 'splitting', 'the', 'data', 'into', 'training', 'and', 'validation', 'sets,', 'or', 'using', 'techniques', 'like', 'cross-validation.', '6.', '**Testing**:', 'Evaluating', 'the', 'final', 'performance', 'of', 'the', 'model', 'on', 'a', 'completely', 'separate', 'dataset', 'that', 'was', 'not', 'used', 'during', 'training', 'or', 'validation.', '7.', '**Model', 'Evaluation', 'Metrics**:', 'Various', 'metrics', 'are', 'used', 'to', 'evaluate', 'the', 'performance', 'of', 'a', 'machine', 'learning', 'model,', 'such', 'as', 'accuracy,', 'precision,', 'recall,', 'F1', 'score,', 'ROC-AUC,', 'etc.', '8.', '**Bias', 'and', 'Variance**:', 'Bias', 'refers', 'to', 'the', 'error', 'introduced', 'by', 'approximating', 'a', 'real-world', 'problem,', 'which', 'may', 'be', 'complex,', 'with', 'a', 'simplified', 'model.', 'Variance', 'refers', 'to', 'the', 'error', 'introduced', 'by', 'the', &quot;model's&quot;, 'sensitivity', 'to', 'small', 'fluctuations', 'in', 'the', 'training', 'data.', 'Balancing', 'bias', 'and', 'variance', 'is', 'crucial', 'for', 'building', 'robust', 'models.', '9.', '**Overfitting', 'and', 'Underfitting**:', 'Overfitting', 'occurs', 'when', 'a', 'model', 'is', 'too', 'complex', 'and', 'captures', 'noise', 'in', 'the', 'training', 'data,', 'leading', 'to', 'poor', 'generalization.', 'Underfitting', 'happens', 'when', 'a', 'model', 'is', 'too', 'simple', 'and', 'fails', 'to', 'capture', 'the', 'underlying', 'patterns', 'in', 'the', 'data.', '10.', '**Regularization**:', 'Techniques', 'to', 'prevent', 'overfitting', 'by', 'adding', 'constraints', 'to', 'the', &quot;model's&quot;, 'complexity,', 'such', 'as', 'L1', 'and', 'L2', 'regularization.', '11.', '**Ensemble', 'Methods**:', 'Combining', 'multiple', 'models', 'to', 'improve', 'overall', 'performance.', 'Techniques', 'like', 'bagging,', 'boosting,', 'and', 'stacking', 'are', 'widely', 'used.', '12.', '**Deep', 'Learning**:', 'A', 'subset', 'of', 'machine', 'learning', 'that', 'uses', 'neural', 'networks', 'with', 'many', 'layers', 'to', 'learn', 'hierarchical', 'representations', 'of', 'data.', 'Deep', 'learning', 'has', 'achieved', 'state-of-the-art', 'results', 'in', 'many', 'domains,', 'including', 'computer', 'vision,', 'natural', 'language', 'processing,', 'and', 'speech', 'recognition.', '###', 'Types', 'of', 'Machine', 'Learning', '1.', '**Supervised', 'Learning**:', 'Models', 'are', 'trained', 'on', 'labeled', 'data,', 'where', 'the', 'correct', 'output', 'is', 'provided.', 'Examples', 'include', 'linear', 'regression,', 'logistic', 'regression,', 'support', 'vector', 'machines,', 'and', 'neural', 'networks.', '2.', '**Unsupervised', 'Learning**:', 'Models', 'are', 'trained', 'on', 'unlabeled', 'data,', 'where', 'the', 'goal', 'is', 'to', 'discover', 'hidden', 'patterns', 'or', 'groupings.', 'Examples', 'include', 'clustering', '(k-means,', 'hierarchical', 'clustering)', 'and', 'dimensionality', 'reduction', '(PCA,', 't-SNE).', '3.', '**Reinforcement', 'Learning**:', 'Models', 'learn', 'to', 'make', 'decisions', 'in', 'an', 'environment', 'by', 'receiving', 'rewards', 'or', 'penalties.', 'The', 'goal', 'is', 'to', 'maximize', 'cumulative', 'reward.', 'Examples', 'include', 'Q-learning,', 'policy', 'gradients,', 'and', 'deep', 'reinforcement', 'learning.', '4.', '**Semi-Supervised', 'Learning**:', 'Models', 'are', 'trained', 'on', 'a', 'combination', 'of', 'labeled', 'and', 'unlabeled', 'data.', 'This', 'can', 'be', 'useful', 'when', 'labeled', 'data', 'is', 'scarce', 'or', 'expensive', 'to', 'obtain.', '###', 'Applications', 'of', 'Machine', 'Learning', '1.', '**Computer', 'Vision**:', 'Image', 'classification,', 'object', 'detection,', 'facial', 'recognition,', 'and', 'more.', '2.', '**Natural', 'Language', 'Processing', '(NLP)**:', 'Sentiment', 'analysis,', 'text', 'summarization,', 'machine', 'translation,', 'and', 'more.', '3.', '**Healthcare**:', 'Disease', 'diagnosis,', 'drug', 'discovery,', 'patient', 'monitoring,', 'and', 'more.', '4.', '**Finance**:', 'Fraud', 'detection,', 'risk', 'assessment,', 'algorithmic', 'trading,', 'and', 'more.', '5.', '**Autonomous', 'Vehicles**:', 'Object', 'detection,', 'lane', 'detection,', 'and', 'path', 'planning.', '6.', '**Recommendation', 'Systems**:', 'Personalized', 'recommendations', 'for', 'products,', 'movies,', 'and', 'more.', '7.', '**Robotics**:', 'Motion', 'planning,', 'object', 'manipulation,', 'and', 'more.', '###', 'Challenges', 'in', 'Machine', 'Learning', '1.', '**Data', 'Quality**:', 'Ensuring', 'that', 'the', 'data', 'is', 'clean,', 'relevant,', 'and', 'representative', 'of', 'the', 'problem', 'domain.', '2.', '**Computational', 'Resources**:', 'Training', 'complex', 'models', 'can', 'be', 'computationally', 'expensive', 'and', 'time-consuming.', '3.', '**Interpretability**:', 'Understanding', 'how', 'a', 'model', 'makes', 'decisions', 'can', 'be', 'challenging,', 'especially', 'in', 'complex', 'models', 'like', 'deep', 'neural', 'networks.', '4.', '**Ethical', 'Considerations**:', 'Ensuring', 'that', 'models', 'are', 'fair,', 'unbiased,', 'and', 'do', 'not', 'perpetuate', 'harmful', 'stereotypes.', '###', 'Future', 'Trends', 'in', 'Machine', 'Learning', '1.', '**Explainable', 'AI', '(XAI)**:', 'Developing', 'methods', 'to', 'make', 'machine', 'learning', 'models', 'more', 'transparent', 'and', 'interpretable.', '2.', '**AutoML**:', 'Automating', 'the', 'process', 'of', 'building', 'machine', 'learning', 'models,', 'including', 'data', 'preprocessing,', 'model', 'selection,', 'and', 'hyperparameter', 'tuning.', '3.', '**Edge', 'Computing**:', 'Deploying', 'machine', 'learning', 'models', 'on', 'devices', 'at', 'the', 'edge', 'of', 'the', 'network', 'to', 'reduce', 'latency', 'and', 'improve', 'performance.', '4.', '**Quantum', 'Machine', 'Learning**:', 'Exploring', 'the', 'potential', 'of', 'quantum', 'computing', 'to', 'enhance', 'machine', 'learning', 'algorithms.', 'In', 'conclusion,', 'machine', 'learning', 'is', 'a', 'powerful', 'tool', 'for', 'solving', 'a', 'wide', 'range', 'of', 'problems,', 'from', 'simple', 'regression', 'tasks', 'to', 'complex', 'decision-making', 'processes.', 'However,', 'it', 'requires', 'careful', 'consideration', 'of', 'data,', 'model', 'selection,', 'and', 'evaluation', 'to', 'achieve', 'optimal', 'results.', 'As', 'the', 'field', 'continues', 'to', 'evolve,', 'we', 'can', 'expect', 'to', 'see', 'more', 'sophisticated', 'and', 'interpretable', 'models', 'that', 'can', 'address', 'the', 'challenges', 'of', 'the', 'modern', 'world.'] = &lt;built-in method split of str object at 0x5ff4cd7c0f10&gt;()&#10; +      where &lt;built-in method split of str object at 0x5ff4cd7c0f10&gt; = &quot;Machine learning is a subset of artificial intelligence that focuses on developing algorithms and statistical models that enable computer systems to improve their performance on a specific task through experience. This process of learning from data is crucial for building intelligent systems that can adapt and make decisions without explicit programming.\n\n### Key Concepts in Machine Learning\n\n1. **Data**: The foundation of machine learning is data. Data can be structured (like in databases) or unstructured (like text, images, and audio). The quality, quantity, and relevance of the data are critical for the success of a machine learning project.\n\n2. **Features**: Features are the input variables used to train a machine learning model. They can be numerical, categorical, or even derived from the data (e.g., through text processing or image analysis).\n\n3. **Labels**: In supervised learning, labels are the output variables that the model tries to predict. Labels can be continuous (regression) or categorical (classification).\n\n4. **Training**: The process of teaching a machine learning model to recognize patterns in data. This involves presenting the model with labeled examples and adjusting its parameters to minimize prediction errors.\n\n5. **Validation**: Ensuring that the model generalizes well to unseen data. This is typically done by splitting the data into training and validation sets, or using techniques like cross-validation.\n\n6. **Testing**: Evaluating the final performance of the model on a completely separate dataset that was not used during training or validation.\n\n7. **Model Evaluation Metrics**: Various metrics are used to evaluate the performance of a machine learning model, such as accuracy, precision, recall, F1 score, ROC-AUC, etc.\n\n8. **Bias and Variance**: Bias refers to the error introduced by approximating a real-world problem, which may be complex, with a simplified model. Variance refers to the error introduced by the model's sensitivity to small fluctuations in the training data. Balancing bias and variance is crucial for building robust models.\n\n9. **Overfitting and Underfitting**: Overfitting occurs when a model is too complex and captures noise in the training data, leading to poor generalization. Underfitting happens when a model is too simple and fails to capture the underlying patterns in the data.\n\n10. **Regularization**: Techniques to prevent overfitting by adding constraints to the model's complexity, such as L1 and L2 regularization.\n\n11. **Ensemble Methods**: Combining multiple models to improve overall performance. Techniques like bagging, boosting, and stacking are widely used.\n\n12. **Deep Learning**: A subset of machine learning that uses neural networks with many layers to learn hierarchical representations of data. Deep learning has achieved state-of-the-art results in many domains, including computer vision, natural language processing, and speech recognition.\n\n### Types of Machine Learning\n\n1. **Supervised Learning**: Models are trained on labeled data, where the correct output is provided. Examples include linear regression, logistic regression, support vector machines, and neural networks.\n\n2. **Unsupervised Learning**: Models are trained on unlabeled data, where the goal is to discover hidden patterns or groupings. Examples include clustering (k-means, hierarchical clustering) and dimensionality reduction (PCA, t-SNE).\n\n3. **Reinforcement Learning**: Models learn to make decisions in an environment by receiving rewards or penalties. The goal is to maximize cumulative reward. Examples include Q-learning, policy gradients, and deep reinforcement learning.\n\n4. **Semi-Supervised Learning**: Models are trained on a combination of labeled and unlabeled data. This can be useful when labeled data is scarce or expensive to obtain.\n\n### Applications of Machine Learning\n\n1. **Computer Vision**: Image classification, object detection, facial recognition, and more.\n2. **Natural Language Processing (NLP)**: Sentiment analysis, text summarization, machine translation, and more.\n3. **Healthcare**: Disease diagnosis, drug discovery, patient monitoring, and more.\n4. **Finance**: Fraud detection, risk assessment, algorithmic trading, and more.\n5. **Autonomous Vehicles**: Object detection, lane detection, and path planning.\n6. **Recommendation Systems**: Personalized recommendations for products, movies, and more.\n7. **Robotics**: Motion planning, object manipulation, and more.\n\n### Challenges in Machine Learning\n\n1. **Data Quality**: Ensuring that the data is clean, relevant, and representative of the problem domain.\n2. **Computational Resources**: Training complex models can be computationally expensive and time-consuming.\n3. **Interpretability**: Understanding how a model makes decisions can be challenging, especially in complex models like deep neural networks.\n4. **Ethical Considerations**: Ensuring that models are fair, unbiased, and do not perpetuate harmful stereotypes.\n\n### Future Trends in Machine Learning\n\n1. **Explainable AI (XAI)**: Developing methods to make machine learning models more transparent and interpretable.\n2. **AutoML**: Automating the process of building machine learning models, including data preprocessing, model selection, and hyperparameter tuning.\n3. **Edge Computing**: Deploying machine learning models on devices at the edge of the network to reduce latency and improve performance.\n4. **Quantum Machine Learning**: Exploring the potential of quantum computing to enhance machine learning algorithms.\n\nIn conclusion, machine learning is a powerful tool for solving a wide range of problems, from simple regression tasks to complex decision-making processes. However, it requires careful consideration of data, model selection, and evaluation to achieve optimal results. As the field continues to evolve, we can expect to see more sophisticated and interpretable models that can address the challenges of the modern world.&quot;.split">/sda/sokatov/own/perslad-1/e2e-tests/tests/test_component_langgraph.py:195: in test_langgraph_max_tokens
    ???
E   assert 833 &lt; 20
E    +  where 833 = len(['Machine', 'learning', 'is', 'a', 'subset', 'of', 'artificial', 'intelligence', 'that', 'focuses', 'on', 'developing', 'algorithms', 'and', 'statistical', 'models', 'that', 'enable', 'computer', 'systems', 'to', 'improve', 'their', 'performance', 'on', 'a', 'specific', 'task', 'through', 'experience.', 'This', 'process', 'of', 'learning', 'from', 'data', 'is', 'crucial', 'for', 'building', 'intelligent', 'systems', 'that', 'can', 'adapt', 'and', 'make', 'decisions', 'without', 'explicit', 'programming.', '###', 'Key', 'Concepts', 'in', 'Machine', 'Learning', '1.', '**Data**:', 'The', 'foundation', 'of', 'machine', 'learning', 'is', 'data.', 'Data', 'can', 'be', 'structured', '(like', 'in', 'databases)', 'or', 'unstructured', '(like', 'text,', 'images,', 'and', 'audio).', 'The', 'quality,', 'quantity,', 'and', 'relevance', 'of', 'the', 'data', 'are', 'critical', 'for', 'the', 'success', 'of', 'a', 'machine', 'learning', 'project.', '2.', '**Features**:', 'Features', 'are', 'the', 'input', 'variables', 'used', 'to', 'train', 'a', 'machine', 'learning', 'model.', 'They', 'can', 'be', 'numerical,', 'categorical,', 'or', 'even', 'derived', 'from', 'the', 'data', '(e.g.,', 'through', 'text', 'processing', 'or', 'image', 'analysis).', '3.', '**Labels**:', 'In', 'supervised', 'learning,', 'labels', 'are', 'the', 'output', 'variables', 'that', 'the', 'model', 'tries', 'to', 'predict.', 'Labels', 'can', 'be', 'continuous', '(regression)', 'or', 'categorical', '(classification).', '4.', '**Training**:', 'The', 'process', 'of', 'teaching', 'a', 'machine', 'learning', 'model', 'to', 'recognize', 'patterns', 'in', 'data.', 'This', 'involves', 'presenting', 'the', 'model', 'with', 'labeled', 'examples', 'and', 'adjusting', 'its', 'parameters', 'to', 'minimize', 'prediction', 'errors.', '5.', '**Validation**:', 'Ensuring', 'that', 'the', 'model', 'generalizes', 'well', 'to', 'unseen', 'data.', 'This', 'is', 'typically', 'done', 'by', 'splitting', 'the', 'data', 'into', 'training', 'and', 'validation', 'sets,', 'or', 'using', 'techniques', 'like', 'cross-validation.', '6.', '**Testing**:', 'Evaluating', 'the', 'final', 'performance', 'of', 'the', 'model', 'on', 'a', 'completely', 'separate', 'dataset', 'that', 'was', 'not', 'used', 'during', 'training', 'or', 'validation.', '7.', '**Model', 'Evaluation', 'Metrics**:', 'Various', 'metrics', 'are', 'used', 'to', 'evaluate', 'the', 'performance', 'of', 'a', 'machine', 'learning', 'model,', 'such', 'as', 'accuracy,', 'precision,', 'recall,', 'F1', 'score,', 'ROC-AUC,', 'etc.', '8.', '**Bias', 'and', 'Variance**:', 'Bias', 'refers', 'to', 'the', 'error', 'introduced', 'by', 'approximating', 'a', 'real-world', 'problem,', 'which', 'may', 'be', 'complex,', 'with', 'a', 'simplified', 'model.', 'Variance', 'refers', 'to', 'the', 'error', 'introduced', 'by', 'the', "model's", 'sensitivity', 'to', 'small', 'fluctuations', 'in', 'the', 'training', 'data.', 'Balancing', 'bias', 'and', 'variance', 'is', 'crucial', 'for', 'building', 'robust', 'models.', '9.', '**Overfitting', 'and', 'Underfitting**:', 'Overfitting', 'occurs', 'when', 'a', 'model', 'is', 'too', 'complex', 'and', 'captures', 'noise', 'in', 'the', 'training', 'data,', 'leading', 'to', 'poor', 'generalization.', 'Underfitting', 'happens', 'when', 'a', 'model', 'is', 'too', 'simple', 'and', 'fails', 'to', 'capture', 'the', 'underlying', 'patterns', 'in', 'the', 'data.', '10.', '**Regularization**:', 'Techniques', 'to', 'prevent', 'overfitting', 'by', 'adding', 'constraints', 'to', 'the', "model's", 'complexity,', 'such', 'as', 'L1', 'and', 'L2', 'regularization.', '11.', '**Ensemble', 'Methods**:', 'Combining', 'multiple', 'models', 'to', 'improve', 'overall', 'performance.', 'Techniques', 'like', 'bagging,', 'boosting,', 'and', 'stacking', 'are', 'widely', 'used.', '12.', '**Deep', 'Learning**:', 'A', 'subset', 'of', 'machine', 'learning', 'that', 'uses', 'neural', 'networks', 'with', 'many', 'layers', 'to', 'learn', 'hierarchical', 'representations', 'of', 'data.', 'Deep', 'learning', 'has', 'achieved', 'state-of-the-art', 'results', 'in', 'many', 'domains,', 'including', 'computer', 'vision,', 'natural', 'language', 'processing,', 'and', 'speech', 'recognition.', '###', 'Types', 'of', 'Machine', 'Learning', '1.', '**Supervised', 'Learning**:', 'Models', 'are', 'trained', 'on', 'labeled', 'data,', 'where', 'the', 'correct', 'output', 'is', 'provided.', 'Examples', 'include', 'linear', 'regression,', 'logistic', 'regression,', 'support', 'vector', 'machines,', 'and', 'neural', 'networks.', '2.', '**Unsupervised', 'Learning**:', 'Models', 'are', 'trained', 'on', 'unlabeled', 'data,', 'where', 'the', 'goal', 'is', 'to', 'discover', 'hidden', 'patterns', 'or', 'groupings.', 'Examples', 'include', 'clustering', '(k-means,', 'hierarchical', 'clustering)', 'and', 'dimensionality', 'reduction', '(PCA,', 't-SNE).', '3.', '**Reinforcement', 'Learning**:', 'Models', 'learn', 'to', 'make', 'decisions', 'in', 'an', 'environment', 'by', 'receiving', 'rewards', 'or', 'penalties.', 'The', 'goal', 'is', 'to', 'maximize', 'cumulative', 'reward.', 'Examples', 'include', 'Q-learning,', 'policy', 'gradients,', 'and', 'deep', 'reinforcement', 'learning.', '4.', '**Semi-Supervised', 'Learning**:', 'Models', 'are', 'trained', 'on', 'a', 'combination', 'of', 'labeled', 'and', 'unlabeled', 'data.', 'This', 'can', 'be', 'useful', 'when', 'labeled', 'data', 'is', 'scarce', 'or', 'expensive', 'to', 'obtain.', '###', 'Applications', 'of', 'Machine', 'Learning', '1.', '**Computer', 'Vision**:', 'Image', 'classification,', 'object', 'detection,', 'facial', 'recognition,', 'and', 'more.', '2.', '**Natural', 'Language', 'Processing', '(NLP)**:', 'Sentiment', 'analysis,', 'text', 'summarization,', 'machine', 'translation,', 'and', 'more.', '3.', '**Healthcare**:', 'Disease', 'diagnosis,', 'drug', 'discovery,', 'patient', 'monitoring,', 'and', 'more.', '4.', '**Finance**:', 'Fraud', 'detection,', 'risk', 'assessment,', 'algorithmic', 'trading,', 'and', 'more.', '5.', '**Autonomous', 'Vehicles**:', 'Object', 'detection,', 'lane', 'detection,', 'and', 'path', 'planning.', '6.', '**Recommendation', 'Systems**:', 'Personalized', 'recommendations', 'for', 'products,', 'movies,', 'and', 'more.', '7.', '**Robotics**:', 'Motion', 'planning,', 'object', 'manipulation,', 'and', 'more.', '###', 'Challenges', 'in', 'Machine', 'Learning', '1.', '**Data', 'Quality**:', 'Ensuring', 'that', 'the', 'data', 'is', 'clean,', 'relevant,', 'and', 'representative', 'of', 'the', 'problem', 'domain.', '2.', '**Computational', 'Resources**:', 'Training', 'complex', 'models', 'can', 'be', 'computationally', 'expensive', 'and', 'time-consuming.', '3.', '**Interpretability**:', 'Understanding', 'how', 'a', 'model', 'makes', 'decisions', 'can', 'be', 'challenging,', 'especially', 'in', 'complex', 'models', 'like', 'deep', 'neural', 'networks.', '4.', '**Ethical', 'Considerations**:', 'Ensuring', 'that', 'models', 'are', 'fair,', 'unbiased,', 'and', 'do', 'not', 'perpetuate', 'harmful', 'stereotypes.', '###', 'Future', 'Trends', 'in', 'Machine', 'Learning', '1.', '**Explainable', 'AI', '(XAI)**:', 'Developing', 'methods', 'to', 'make', 'machine', 'learning', 'models', 'more', 'transparent', 'and', 'interpretable.', '2.', '**AutoML**:', 'Automating', 'the', 'process', 'of', 'building', 'machine', 'learning', 'models,', 'including', 'data', 'preprocessing,', 'model', 'selection,', 'and', 'hyperparameter', 'tuning.', '3.', '**Edge', 'Computing**:', 'Deploying', 'machine', 'learning', 'models', 'on', 'devices', 'at', 'the', 'edge', 'of', 'the', 'network', 'to', 'reduce', 'latency', 'and', 'improve', 'performance.', '4.', '**Quantum', 'Machine', 'Learning**:', 'Exploring', 'the', 'potential', 'of', 'quantum', 'computing', 'to', 'enhance', 'machine', 'learning', 'algorithms.', 'In', 'conclusion,', 'machine', 'learning', 'is', 'a', 'powerful', 'tool', 'for', 'solving', 'a', 'wide', 'range', 'of', 'problems,', 'from', 'simple', 'regression', 'tasks', 'to', 'complex', 'decision-making', 'processes.', 'However,', 'it', 'requires', 'careful', 'consideration', 'of', 'data,', 'model', 'selection,', 'and', 'evaluation', 'to', 'achieve', 'optimal', 'results.', 'As', 'the', 'field', 'continues', 'to', 'evolve,', 'we', 'can', 'expect', 'to', 'see', 'more', 'sophisticated', 'and', 'interpretable', 'models', 'that', 'can', 'address', 'the', 'challenges', 'of', 'the', 'modern', 'world.'])
E    +    where ['Machine', 'learning', 'is', 'a', 'subset', 'of', 'artificial', 'intelligence', 'that', 'focuses', 'on', 'developing', 'algorithms', 'and', 'statistical', 'models', 'that', 'enable', 'computer', 'systems', 'to', 'improve', 'their', 'performance', 'on', 'a', 'specific', 'task', 'through', 'experience.', 'This', 'process', 'of', 'learning', 'from', 'data', 'is', 'crucial', 'for', 'building', 'intelligent', 'systems', 'that', 'can', 'adapt', 'and', 'make', 'decisions', 'without', 'explicit', 'programming.', '###', 'Key', 'Concepts', 'in', 'Machine', 'Learning', '1.', '**Data**:', 'The', 'foundation', 'of', 'machine', 'learning', 'is', 'data.', 'Data', 'can', 'be', 'structured', '(like', 'in', 'databases)', 'or', 'unstructured', '(like', 'text,', 'images,', 'and', 'audio).', 'The', 'quality,', 'quantity,', 'and', 'relevance', 'of', 'the', 'data', 'are', 'critical', 'for', 'the', 'success', 'of', 'a', 'machine', 'learning', 'project.', '2.', '**Features**:', 'Features', 'are', 'the', 'input', 'variables', 'used', 'to', 'train', 'a', 'machine', 'learning', 'model.', 'They', 'can', 'be', 'numerical,', 'categorical,', 'or', 'even', 'derived', 'from', 'the', 'data', '(e.g.,', 'through', 'text', 'processing', 'or', 'image', 'analysis).', '3.', '**Labels**:', 'In', 'supervised', 'learning,', 'labels', 'are', 'the', 'output', 'variables', 'that', 'the', 'model', 'tries', 'to', 'predict.', 'Labels', 'can', 'be', 'continuous', '(regression)', 'or', 'categorical', '(classification).', '4.', '**Training**:', 'The', 'process', 'of', 'teaching', 'a', 'machine', 'learning', 'model', 'to', 'recognize', 'patterns', 'in', 'data.', 'This', 'involves', 'presenting', 'the', 'model', 'with', 'labeled', 'examples', 'and', 'adjusting', 'its', 'parameters', 'to', 'minimize', 'prediction', 'errors.', '5.', '**Validation**:', 'Ensuring', 'that', 'the', 'model', 'generalizes', 'well', 'to', 'unseen', 'data.', 'This', 'is', 'typically', 'done', 'by', 'splitting', 'the', 'data', 'into', 'training', 'and', 'validation', 'sets,', 'or', 'using', 'techniques', 'like', 'cross-validation.', '6.', '**Testing**:', 'Evaluating', 'the', 'final', 'performance', 'of', 'the', 'model', 'on', 'a', 'completely', 'separate', 'dataset', 'that', 'was', 'not', 'used', 'during', 'training', 'or', 'validation.', '7.', '**Model', 'Evaluation', 'Metrics**:', 'Various', 'metrics', 'are', 'used', 'to', 'evaluate', 'the', 'performance', 'of', 'a', 'machine', 'learning', 'model,', 'such', 'as', 'accuracy,', 'precision,', 'recall,', 'F1', 'score,', 'ROC-AUC,', 'etc.', '8.', '**Bias', 'and', 'Variance**:', 'Bias', 'refers', 'to', 'the', 'error', 'introduced', 'by', 'approximating', 'a', 'real-world', 'problem,', 'which', 'may', 'be', 'complex,', 'with', 'a', 'simplified', 'model.', 'Variance', 'refers', 'to', 'the', 'error', 'introduced', 'by', 'the', "model's", 'sensitivity', 'to', 'small', 'fluctuations', 'in', 'the', 'training', 'data.', 'Balancing', 'bias', 'and', 'variance', 'is', 'crucial', 'for', 'building', 'robust', 'models.', '9.', '**Overfitting', 'and', 'Underfitting**:', 'Overfitting', 'occurs', 'when', 'a', 'model', 'is', 'too', 'complex', 'and', 'captures', 'noise', 'in', 'the', 'training', 'data,', 'leading', 'to', 'poor', 'generalization.', 'Underfitting', 'happens', 'when', 'a', 'model', 'is', 'too', 'simple', 'and', 'fails', 'to', 'capture', 'the', 'underlying', 'patterns', 'in', 'the', 'data.', '10.', '**Regularization**:', 'Techniques', 'to', 'prevent', 'overfitting', 'by', 'adding', 'constraints', 'to', 'the', "model's", 'complexity,', 'such', 'as', 'L1', 'and', 'L2', 'regularization.', '11.', '**Ensemble', 'Methods**:', 'Combining', 'multiple', 'models', 'to', 'improve', 'overall', 'performance.', 'Techniques', 'like', 'bagging,', 'boosting,', 'and', 'stacking', 'are', 'widely', 'used.', '12.', '**Deep', 'Learning**:', 'A', 'subset', 'of', 'machine', 'learning', 'that', 'uses', 'neural', 'networks', 'with', 'many', 'layers', 'to', 'learn', 'hierarchical', 'representations', 'of', 'data.', 'Deep', 'learning', 'has', 'achieved', 'state-of-the-art', 'results', 'in', 'many', 'domains,', 'including', 'computer', 'vision,', 'natural', 'language', 'processing,', 'and', 'speech', 'recognition.', '###', 'Types', 'of', 'Machine', 'Learning', '1.', '**Supervised', 'Learning**:', 'Models', 'are', 'trained', 'on', 'labeled', 'data,', 'where', 'the', 'correct', 'output', 'is', 'provided.', 'Examples', 'include', 'linear', 'regression,', 'logistic', 'regression,', 'support', 'vector', 'machines,', 'and', 'neural', 'networks.', '2.', '**Unsupervised', 'Learning**:', 'Models', 'are', 'trained', 'on', 'unlabeled', 'data,', 'where', 'the', 'goal', 'is', 'to', 'discover', 'hidden', 'patterns', 'or', 'groupings.', 'Examples', 'include', 'clustering', '(k-means,', 'hierarchical', 'clustering)', 'and', 'dimensionality', 'reduction', '(PCA,', 't-SNE).', '3.', '**Reinforcement', 'Learning**:', 'Models', 'learn', 'to', 'make', 'decisions', 'in', 'an', 'environment', 'by', 'receiving', 'rewards', 'or', 'penalties.', 'The', 'goal', 'is', 'to', 'maximize', 'cumulative', 'reward.', 'Examples', 'include', 'Q-learning,', 'policy', 'gradients,', 'and', 'deep', 'reinforcement', 'learning.', '4.', '**Semi-Supervised', 'Learning**:', 'Models', 'are', 'trained', 'on', 'a', 'combination', 'of', 'labeled', 'and', 'unlabeled', 'data.', 'This', 'can', 'be', 'useful', 'when', 'labeled', 'data', 'is', 'scarce', 'or', 'expensive', 'to', 'obtain.', '###', 'Applications', 'of', 'Machine', 'Learning', '1.', '**Computer', 'Vision**:', 'Image', 'classification,', 'object', 'detection,', 'facial', 'recognition,', 'and', 'more.', '2.', '**Natural', 'Language', 'Processing', '(NLP)**:', 'Sentiment', 'analysis,', 'text', 'summarization,', 'machine', 'translation,', 'and', 'more.', '3.', '**Healthcare**:', 'Disease', 'diagnosis,', 'drug', 'discovery,', 'patient', 'monitoring,', 'and', 'more.', '4.', '**Finance**:', 'Fraud', 'detection,', 'risk', 'assessment,', 'algorithmic', 'trading,', 'and', 'more.', '5.', '**Autonomous', 'Vehicles**:', 'Object', 'detection,', 'lane', 'detection,', 'and', 'path', 'planning.', '6.', '**Recommendation', 'Systems**:', 'Personalized', 'recommendations', 'for', 'products,', 'movies,', 'and', 'more.', '7.', '**Robotics**:', 'Motion', 'planning,', 'object', 'manipulation,', 'and', 'more.', '###', 'Challenges', 'in', 'Machine', 'Learning', '1.', '**Data', 'Quality**:', 'Ensuring', 'that', 'the', 'data', 'is', 'clean,', 'relevant,', 'and', 'representative', 'of', 'the', 'problem', 'domain.', '2.', '**Computational', 'Resources**:', 'Training', 'complex', 'models', 'can', 'be', 'computationally', 'expensive', 'and', 'time-consuming.', '3.', '**Interpretability**:', 'Understanding', 'how', 'a', 'model', 'makes', 'decisions', 'can', 'be', 'challenging,', 'especially', 'in', 'complex', 'models', 'like', 'deep', 'neural', 'networks.', '4.', '**Ethical', 'Considerations**:', 'Ensuring', 'that', 'models', 'are', 'fair,', 'unbiased,', 'and', 'do', 'not', 'perpetuate', 'harmful', 'stereotypes.', '###', 'Future', 'Trends', 'in', 'Machine', 'Learning', '1.', '**Explainable', 'AI', '(XAI)**:', 'Developing', 'methods', 'to', 'make', 'machine', 'learning', 'models', 'more', 'transparent', 'and', 'interpretable.', '2.', '**AutoML**:', 'Automating', 'the', 'process', 'of', 'building', 'machine', 'learning', 'models,', 'including', 'data', 'preprocessing,', 'model', 'selection,', 'and', 'hyperparameter', 'tuning.', '3.', '**Edge', 'Computing**:', 'Deploying', 'machine', 'learning', 'models', 'on', 'devices', 'at', 'the', 'edge', 'of', 'the', 'network', 'to', 'reduce', 'latency', 'and', 'improve', 'performance.', '4.', '**Quantum', 'Machine', 'Learning**:', 'Exploring', 'the', 'potential', 'of', 'quantum', 'computing', 'to', 'enhance', 'machine', 'learning', 'algorithms.', 'In', 'conclusion,', 'machine', 'learning', 'is', 'a', 'powerful', 'tool', 'for', 'solving', 'a', 'wide', 'range', 'of', 'problems,', 'from', 'simple', 'regression', 'tasks', 'to', 'complex', 'decision-making', 'processes.', 'However,', 'it', 'requires', 'careful', 'consideration', 'of', 'data,', 'model', 'selection,', 'and', 'evaluation', 'to', 'achieve', 'optimal', 'results.', 'As', 'the', 'field', 'continues', 'to', 'evolve,', 'we', 'can', 'expect', 'to', 'see', 'more', 'sophisticated', 'and', 'interpretable', 'models', 'that', 'can', 'address', 'the', 'challenges', 'of', 'the', 'modern', 'world.'] = &lt;built-in method split of str object at 0x5ff4cd7c0f10&gt;()
E    +      where &lt;built-in method split of str object at 0x5ff4cd7c0f10&gt; = "Machine learning is a subset of artificial intelligence that focuses on developing algorithms and statistical models that enable computer systems to improve their performance on a specific task through experience. This process of learning from data is crucial for building intelligent systems that can adapt and make decisions without explicit programming.\n\n### Key Concepts in Machine Learning\n\n1. **Data**: The foundation of machine learning is data. Data can be structured (like in databases) or unstructured (like text, images, and audio). The quality, quantity, and relevance of the data are critical for the success of a machine learning project.\n\n2. **Features**: Features are the input variables used to train a machine learning model. They can be numerical, categorical, or even derived from the data (e.g., through text processing or image analysis).\n\n3. **Labels**: In supervised learning, labels are the output variables that the model tries to predict. Labels can be continuous (regression) or categorical (classification).\n\n4. **Training**: The process of teaching a machine learning model to recognize patterns in data. This involves presenting the model with labeled examples and adjusting its parameters to minimize prediction errors.\n\n5. **Validation**: Ensuring that the model generalizes well to unseen data. This is typically done by splitting the data into training and validation sets, or using techniques like cross-validation.\n\n6. **Testing**: Evaluating the final performance of the model on a completely separate dataset that was not used during training or validation.\n\n7. **Model Evaluation Metrics**: Various metrics are used to evaluate the performance of a machine learning model, such as accuracy, precision, recall, F1 score, ROC-AUC, etc.\n\n8. **Bias and Variance**: Bias refers to the error introduced by approximating a real-world problem, which may be complex, with a simplified model. Variance refers to the error introduced by the model's sensitivity to small fluctuations in the training data. Balancing bias and variance is crucial for building robust models.\n\n9. **Overfitting and Underfitting**: Overfitting occurs when a model is too complex and captures noise in the training data, leading to poor generalization. Underfitting happens when a model is too simple and fails to capture the underlying patterns in the data.\n\n10. **Regularization**: Techniques to prevent overfitting by adding constraints to the model's complexity, such as L1 and L2 regularization.\n\n11. **Ensemble Methods**: Combining multiple models to improve overall performance. Techniques like bagging, boosting, and stacking are widely used.\n\n12. **Deep Learning**: A subset of machine learning that uses neural networks with many layers to learn hierarchical representations of data. Deep learning has achieved state-of-the-art results in many domains, including computer vision, natural language processing, and speech recognition.\n\n### Types of Machine Learning\n\n1. **Supervised Learning**: Models are trained on labeled data, where the correct output is provided. Examples include linear regression, logistic regression, support vector machines, and neural networks.\n\n2. **Unsupervised Learning**: Models are trained on unlabeled data, where the goal is to discover hidden patterns or groupings. Examples include clustering (k-means, hierarchical clustering) and dimensionality reduction (PCA, t-SNE).\n\n3. **Reinforcement Learning**: Models learn to make decisions in an environment by receiving rewards or penalties. The goal is to maximize cumulative reward. Examples include Q-learning, policy gradients, and deep reinforcement learning.\n\n4. **Semi-Supervised Learning**: Models are trained on a combination of labeled and unlabeled data. This can be useful when labeled data is scarce or expensive to obtain.\n\n### Applications of Machine Learning\n\n1. **Computer Vision**: Image classification, object detection, facial recognition, and more.\n2. **Natural Language Processing (NLP)**: Sentiment analysis, text summarization, machine translation, and more.\n3. **Healthcare**: Disease diagnosis, drug discovery, patient monitoring, and more.\n4. **Finance**: Fraud detection, risk assessment, algorithmic trading, and more.\n5. **Autonomous Vehicles**: Object detection, lane detection, and path planning.\n6. **Recommendation Systems**: Personalized recommendations for products, movies, and more.\n7. **Robotics**: Motion planning, object manipulation, and more.\n\n### Challenges in Machine Learning\n\n1. **Data Quality**: Ensuring that the data is clean, relevant, and representative of the problem domain.\n2. **Computational Resources**: Training complex models can be computationally expensive and time-consuming.\n3. **Interpretability**: Understanding how a model makes decisions can be challenging, especially in complex models like deep neural networks.\n4. **Ethical Considerations**: Ensuring that models are fair, unbiased, and do not perpetuate harmful stereotypes.\n\n### Future Trends in Machine Learning\n\n1. **Explainable AI (XAI)**: Developing methods to make machine learning models more transparent and interpretable.\n2. **AutoML**: Automating the process of building machine learning models, including data preprocessing, model selection, and hyperparameter tuning.\n3. **Edge Computing**: Deploying machine learning models on devices at the edge of the network to reduce latency and improve performance.\n4. **Quantum Machine Learning**: Exploring the potential of quantum computing to enhance machine learning algorithms.\n\nIn conclusion, machine learning is a powerful tool for solving a wide range of problems, from simple regression tasks to complex decision-making processes. However, it requires careful consideration of data, model selection, and evaluation to achieve optimal results. As the field continues to evolve, we can expect to see more sophisticated and interpretable models that can address the challenges of the modern world.".split</failure></testcase><testcase classname="tests.test_component_langgraph.TestLangGraphComponent" name="test_langgraph_error_handling" time="0.021" /><testcase classname="tests.test_component_langgraph.TestLangGraphComponent" name="test_langgraph_performance" time="0.450" /><testcase classname="tests.test_component_langgraph.TestLangGraphComponent" name="test_langgraph_context_window" time="0.575" /><testcase classname="tests.test_component_langgraph.TestLangGraphComponent" name="test_langgraph_usage_metrics" time="0.636" /><testcase classname="tests.test_component_langgraph.TestLangGraphComponent" name="test_langgraph_parallel_requests" time="31.839" /><testcase classname="tests.test_component_llm.TestLLMComponent" name="test_llm_model_availability" time="0.116"><failure message="assert 404 == 200&#10; +  where 404 = &lt;Response [404 Not Found]&gt;.status_code">/sda/sokatov/own/perslad-1/e2e-tests/tests/test_component_llm.py:17: in test_llm_model_availability
    ???
E   assert 404 == 200
E    +  where 404 = &lt;Response [404 Not Found]&gt;.status_code</failure></testcase><testcase classname="tests.test_component_llm.TestLLMComponent" name="test_chat_completion_basic" time="0.114"><failure message="assert 404 == 200&#10; +  where 404 = &lt;Response [404 Not Found]&gt;.status_code">/sda/sokatov/own/perslad-1/e2e-tests/tests/test_component_llm.py:45: in test_chat_completion_basic
    ???
E   assert 404 == 200
E    +  where 404 = &lt;Response [404 Not Found]&gt;.status_code</failure></testcase><testcase classname="tests.test_component_llm.TestLLMComponent" name="test_chat_completion_with_tools" time="0.095"><failure message="assert 404 == 200&#10; +  where 404 = &lt;Response [404 Not Found]&gt;.status_code">/sda/sokatov/own/perslad-1/e2e-tests/tests/test_component_llm.py:90: in test_chat_completion_with_tools
    ???
E   assert 404 == 200
E    +  where 404 = &lt;Response [404 Not Found]&gt;.status_code</failure></testcase><testcase classname="tests.test_component_llm.TestLLMComponent" name="test_chat_completion_streaming" time="0.093"><failure message="assert 404 == 200&#10; +  where 404 = &lt;Response [404 Not Found]&gt;.status_code">/sda/sokatov/own/perslad-1/e2e-tests/tests/test_component_llm.py:121: in test_chat_completion_streaming
    ???
E   assert 404 == 200
E    +  where 404 = &lt;Response [404 Not Found]&gt;.status_code</failure></testcase><testcase classname="tests.test_component_llm.TestLLMComponent" name="test_embeddings_basic" time="0.101"><failure message="assert 404 == 200&#10; +  where 404 = &lt;Response [404 Not Found]&gt;.status_code">/sda/sokatov/own/perslad-1/e2e-tests/tests/test_component_llm.py:138: in test_embeddings_basic
    ???
E   assert 404 == 200
E    +  where 404 = &lt;Response [404 Not Found]&gt;.status_code</failure></testcase><testcase classname="tests.test_component_llm.TestLLMComponent" name="test_embeddings_consistency" time="0.079"><failure message="KeyError: 'data'">/sda/sokatov/own/perslad-1/e2e-tests/tests/test_component_llm.py:162: in test_embeddings_consistency
    ???
E   KeyError: 'data'</failure></testcase><testcase classname="tests.test_component_llm.TestLLMComponent" name="test_embeddings_batch" time="0.085"><failure message="assert 404 == 200&#10; +  where 404 = &lt;Response [404 Not Found]&gt;.status_code">/sda/sokatov/own/perslad-1/e2e-tests/tests/test_component_llm.py:189: in test_embeddings_batch
    ???
E   assert 404 == 200
E    +  where 404 = &lt;Response [404 Not Found]&gt;.status_code</failure></testcase><testcase classname="tests.test_component_llm.TestLLMComponent" name="test_llm_error_handling" time="0.110"><failure message="assert 404 == 400&#10; +  where 404 = &lt;Response [404 Not Found]&gt;.status_code">/sda/sokatov/own/perslad-1/e2e-tests/tests/test_component_llm.py:214: in test_llm_error_handling
    ???
E   assert 404 == 400
E    +  where 404 = &lt;Response [404 Not Found]&gt;.status_code</failure></testcase><testcase classname="tests.test_component_llm.TestLLMComponent" name="test_llm_performance_metrics" time="0.087"><failure message="assert 404 == 200&#10; +  where 404 = &lt;Response [404 Not Found]&gt;.status_code">/sda/sokatov/own/perslad-1/e2e-tests/tests/test_component_llm.py:240: in test_llm_performance_metrics
    ???
E   assert 404 == 200
E    +  where 404 = &lt;Response [404 Not Found]&gt;.status_code</failure></testcase><testcase classname="tests.test_component_llm.TestLLMComponent" name="test_llm_context_length" time="0.105"><failure message="assert 404 in [200, 400]&#10; +  where 404 = &lt;Response [404 Not Found]&gt;.status_code">/sda/sokatov/own/perslad-1/e2e-tests/tests/test_component_llm.py:269: in test_llm_context_length
    ???
E   assert 404 in [200, 400]
[...]
    ???
E   assert 404 == 200
E    +  where 404 = &lt;Response [404 Not Found]&gt;.status_code</failure></testcase><testcase classname="tests.test_indexation_workflows.TestIndexationWorkflows" name="test_file_type_detection" time="0.110"><failure message="assert 404 == 200&#10; +  where 404 = &lt;Response [404 Not Found]&gt;.status_code">/sda/sokatov/own/perslad-1/e2e-tests/tests/test_indexation_workflows.py:108: in test_file_type_detection
    ???
E   assert 404 == 200
E    +  where 404 = &lt;Response [404 Not Found]&gt;.status_code</failure></testcase><testcase classname="tests.test_indexation_workflows.TestIndexationWorkflows" name="test_metadata_extraction" time="0.090"><failure message="assert 404 == 200&#10; +  where 404 = &lt;Response [404 Not Found]&gt;.status_code">/sda/sokatov/own/perslad-1/e2e-tests/tests/test_indexation_workflows.py:141: in test_metadata_extraction
    ???
E   assert 404 == 200
E    +  where 404 = &lt;Response [404 Not Found]&gt;.status_code</failure></testcase><testcase classname="tests.test_indexation_workflows.TestIndexationWorkflows" name="test_ingestion_error_handling" time="0.108"><failure message="assert 404 in [400, 422]&#10; +  where 404 = &lt;Response [404 Not Found]&gt;.status_code">/sda/sokatov/own/perslad-1/e2e-tests/tests/test_indexation_workflows.py:165: in test_ingestion_error_handling
    ???
E   assert 404 in [400, 422]
E    +  where 404 = &lt;Response [404 Not Found]&gt;.status_code</failure></testcase><testcase classname="tests.test_indexation_workflows.TestIndexationWorkflows" name="test_ingestion_status_tracking" time="0.098"><failure message="assert 404 == 200&#10; +  where 404 = &lt;Response [404 Not Found]&gt;.status_code">/sda/sokatov/own/perslad-1/e2e-tests/tests/test_indexation_workflows.py:181: in test_ingestion_status_tracking
    ???
E   assert 404 == 200
E    +  where 404 = &lt;Response [404 Not Found]&gt;.status_code</failure></testcase><testcase classname="tests.test_indexation_workflows.TestIndexationWorkflows" name="test_large_file_ingestion" time="0.116"><failure message="assert 404 == 200&#10; +  where 404 = &lt;Response [404 Not Found]&gt;.status_code">/sda/sokatov/own/perslad-1/e2e-tests/tests/test_indexation_workflows.py:215: in test_large_file_ingestion
    ???
E   assert 404 == 200
E    +  where 404 = &lt;Response [404 Not Found]&gt;.status_code</failure></testcase><testcase classname="tests.test_indexation_workflows.TestIndexationWorkflows" name="test_concurrent_ingestion" time="0.120"><failure message="assert 404 == 200&#10; +  where 404 = &lt;Response [404 Not Found]&gt;.status_code">/sda/sokatov/own/perslad-1/e2e-tests/tests/test_indexation_workflows.py:241: in test_concurrent_ingestion
    ???
E   assert 404 == 200
E    +  where 404 = &lt;Response [404 Not Found]&gt;.status_code</failure></testcase><testcase classname="tests.test_indexation_workflows.TestIndexationWorkflows" name="test_ingestion_with_special_characters" time="0.105"><failure message="assert 404 == 200&#10; +  where 404 = &lt;Response [404 Not Found]&gt;.status_code">/sda/sokatov/own/perslad-1/e2e-tests/tests/test_indexation_workflows.py:264: in test_ingestion_with_special_characters
    ???
E   assert 404 == 200
E    +  where 404 = &lt;Response [404 Not Found]&gt;.status_code</failure></testcase><testcase classname="tests.test_indexation_workflows.TestIndexationWorkflows" name="test_ingestion_with_metadata_validation" time="0.120"><failure message="assert 404 == 200&#10; +  where 404 = &lt;Response [404 Not Found]&gt;.status_code">/sda/sokatov/own/perslad-1/e2e-tests/tests/test_indexation_workflows.py:285: in test_ingestion_with_metadata_validation
    ???
E   assert 404 == 200
E    +  where 404 = &lt;Response [404 Not Found]&gt;.status_code</failure></testcase><testcase classname="tests.test_indexation_workflows.TestIndexationWorkflows" name="test_ingestion_cancellation" time="0.126"><failure message="assert 404 == 200&#10; +  where 404 = &lt;Response [404 Not Found]&gt;.status_code">/sda/sokatov/own/perslad-1/e2e-tests/tests/test_indexation_workflows.py:314: in test_ingestion_cancellation
    ???
E   assert 404 == 200
E    +  where 404 = &lt;Response [404 Not Found]&gt;.status_code</failure></testcase><testcase classname="tests.test_indexation_workflows.TestIndexationWorkflows" name="test_ingestion_priority_handling" time="0.080"><failure message="assert 404 == 200&#10; +  where 404 = &lt;Response [404 Not Found]&gt;.status_code">/sda/sokatov/own/perslad-1/e2e-tests/tests/test_indexation_workflows.py:335: in test_ingestion_priority_handling
    ???
E   assert 404 == 200
E    +  where 404 = &lt;Response [404 Not Found]&gt;.status_code</failure></testcase><testcase classname="tests.test_indexation_workflows.TestIndexationWorkflows" name="test_ingestion_file_size_limits" time="0.091"><failure message="assert 404 in [200, 413]&#10; +  where 404 = &lt;Response [404 Not Found]&gt;.status_code">/sda/sokatov/own/perslad-1/e2e-tests/tests/test_indexation_workflows.py:360: in test_ingestion_file_size_limits
    ???
E   assert 404 in [200, 413]
E    +  where 404 = &lt;Response [404 Not Found]&gt;.status_code</failure></testcase><testcase classname="tests.test_indexation_workflows.TestIndexationWorkflows" name="test_ingestion_file_encoding" time="0.032" /><testcase classname="tests.test_indexation_workflows.TestIndexationWorkflows" name="test_ingestion_of_empty_file" time="0.107"><failure message="assert 404 in [200, 400]&#10; +  where 404 = &lt;Response [404 Not Found]&gt;.status_code">/sda/sokatov/own/perslad-1/e2e-tests/tests/test_indexation_workflows.py:404: in test_ingestion_of_empty_file
    ???
E   assert 404 in [200, 400]
E    +  where 404 = &lt;Response [404 Not Found]&gt;.status_code</failure></testcase><testcase classname="tests.test_indexation_workflows.TestIndexationWorkflows" name="test_ingestion_of_binary_file" time="0.094"><failure message="assert 404 in [200, 400, 415]&#10; +  where 404 = &lt;Response [404 Not Found]&gt;.status_code">/sda/sokatov/own/perslad-1/e2e-tests/tests/test_indexation_workflows.py:420: in test_ingestion_of_binary_file
    ???
E   assert 404 in [200, 400, 415]
E    +  where 404 = &lt;Response [404 Not Found]&gt;.status_code</failure></testcase><testcase classname="tests.test_indexation_workflows.TestIndexationWorkflows" name="test_ingestion_of_directory" time="0.028" /><testcase classname="tests.test_indexation_workflows.TestIndexationWorkflows" name="test_ingestion_of_symlink" time="0.086"><failure message="FileExistsError: [Errno 17] File exists: '/tmp/workspace-test/real_file.txt' -&gt; '/tmp/workspace-test/symlink_file.txt'">/sda/sokatov/own/perslad-1/e2e-tests/tests/test_indexation_workflows.py:449: in test_ingestion_of_symlink
    ???
E   FileExistsError: [Errno 17] File exists: '/tmp/workspace-test/real_file.txt' -&gt; '/tmp/workspace-test/symlink_file.txt'</failure></testcase><testcase classname="tests.test_indexation_workflows.TestIndexationWorkflows" name="test_ingestion_performance_metrics" time="0.120"><failure message="assert 404 == 200&#10; +  where 404 = &lt;Response [404 Not Found]&gt;.status_code">/sda/sokatov/own/perslad-1/e2e-tests/tests/test_indexation_workflows.py:479: in test_ingestion_performance_metrics
    ???
E   assert 404 == 200
E    +  where 404 = &lt;Response [404 Not Found]&gt;.status_code</failure></testcase><testcase classname="tests.test_indexation_workflows.TestIndexationWorkflows" name="test_ingestion_with_file_permissions" time="0.112"><failure message="assert 404 in [200, 403]&#10; +  where 404 = &lt;Response [404 Not Found]&gt;.status_code">/sda/sokatov/own/perslad-1/e2e-tests/tests/test_indexation_workflows.py:510: in test_ingestion_with_file_permissions
    ???
E   assert 404 in [200, 403]
E    +  where 404 = &lt;Response [404 Not Found]&gt;.status_code</failure></testcase><testcase classname="tests.test_indexation_workflows.TestIndexationWorkflows" name="test_ingestion_of_nested_files" time="0.142"><failure message="assert 404 == 200&#10; +  where 404 = &lt;Response [404 Not Found]&gt;.status_code">/sda/sokatov/own/perslad-1/e2e-tests/tests/test_indexation_workflows.py:537: in test_ingestion_of_nested_files
    ???
E   assert 404 == 200
E    +  where 404 = &lt;Response [404 Not Found]&gt;.status_code</failure></testcase><testcase classname="tests.test_infrastructure.TestInfrastructure" name="test_async_test_execution" time="0.012" /><testcase classname="tests.test_infrastructure.TestInfrastructure" name="test_fixture_access" time="0.001" /><testcase classname="tests.test_infrastructure.TestInfrastructure" name="test_async_fixture_access" time="0.011" /><testcase classname="tests.test_infrastructure.TestInfrastructure" name="test_test_workspace" time="0.001" /><testcase classname="tests.test_infrastructure.TestInfrastructure" name="test_test_data" time="0.000" /><testcase classname="tests.test_infrastructure.TestInfrastructure" name="test_async_function" time="0.012" /><testcase classname="tests.test_infrastructure.TestInfrastructure" name="test_marked_functions" time="0.001" /><testcase classname="tests.test_user_requests_responses.TestUserRequestsResponses" name="test_api_health_endpoints" time="0.175"><failure message="AssertionError: assert 'running' == 'ready'&#10;  &#10;  - ready&#10;  + running">/sda/sokatov/own/perslad-1/e2e-tests/tests/test_user_requests_responses.py:29: in test_api_health_endpoints
    ???
E   AssertionError: assert 'running' == 'ready'
E     
E     - ready
E     + running</failure></testcase><testcase classname="tests.test_user_requests_responses.TestUserRequestsResponses" name="test_ingestor_ingest_endpoint" time="0.091"><failure message="assert 404 == 200&#10; +  where 404 = &lt;Response [404 Not Found]&gt;.status_code">/sda/sokatov/own/perslad-1/e2e-tests/tests/test_user_requests_responses.py:58: in test_ingestor_ingest_endpoint
    ???
E   assert 404 == 200
E    +  where 404 = &lt;Response [404 Not Found]&gt;.status_code</failure></testcase><testcase classname="tests.test_user_requests_responses.TestUserRequestsResponses" name="test_ingestor_search_endpoint" time="0.130"><failure message="assert 404 == 200&#10; +  where 404 = &lt;Response [404 Not Found]&gt;.status_code">/sda/sokatov/own/perslad-1/e2e-tests/tests/test_user_requests_responses.py:98: in test_ingestor_search_endpoint
    ???
E   assert 404 == 200
E    +  where 404 = &lt;Response [404 Not Found]&gt;.status_code</failure></testcase><testcase classname="tests.test_user_requests_responses.TestUserRequestsResponses" name="test_langgraph_chat_completion_endpoint" time="0.525" /><testcase classname="tests.test_user_requests_responses.TestUserRequestsResponses" name="test_streaming_responses" time="3.799" /><testcase classname="tests.test_user_requests_responses.TestUserRequestsResponses" name="test_error_response_formats" time="0.044" /><testcase classname="tests.test_user_requests_responses.TestUserRequestsResponses" name="test_response_content_validation" time="0.208" /><testcase classname="tests.test_user_requests_responses.TestUserRequestsResponses" name="test_request_headers" time="1.169" /><testcase classname="tests.test_user_requests_responses.TestUserRequestsResponses" name="test_response_timeouts" time="0.520"><failure message="AssertionError: assert ('timeout' in '' or 'connect' in '')&#10; +  where '' = &lt;built-in method lower of str object at 0x7f9ac878d240&gt;()&#10; +    where &lt;built-in method lower of str object at 0x7f9ac878d240&gt; = ''.lower&#10; +      where '' = str(ReadTimeout(''))&#10; +  and   '' = &lt;built-in method lower of str object at 0x7f9ac878d240&gt;()&#10; +    where &lt;built-in method lower of str object at 0x7f9ac878d240&gt; = ''.lower&#10; +      where '' = str(ReadTimeout(''))">/usr/local/lib/python3.13/site-packages/httpx/_transports/default.py:101: in map_httpcore_exceptions
    yield
/usr/local/lib/python3.13/site-packages/httpx/_transports/default.py:394: in handle_async_request
    resp = await self._pool.handle_async_request(req)
           ^^^^^^^^^^^^^^^^^^^^^^^^^^^^^^^^^^^^^^^^^^
/usr/local/lib/python3.13/site-packages/httpcore/_async/connection_pool.py:256: in handle_async_request
    raise exc from None
/usr/local/lib/python3.13/site-packages/httpcore/_async/connection_pool.py:236: in handle_async_request
    response = await connection.handle_async_request(
/usr/local/lib/python3.13/site-packages/httpcore/_async/connection.py:103: in handle_async_request
    return await self._connection.handle_async_request(request)
           ^^^^^^^^^^^^^^^^^^^^^^^^^^^^^^^^^^^^^^^^^^^^^^^^^^^^
/usr/local/lib/python3.13/site-packages/httpcore/_async/http11.py:136: in handle_async_request
    raise exc
/usr/local/lib/python3.13/site-packages/httpcore/_async/http11.py:106: in handle_async_request
    ) = await self._receive_response_headers(**kwargs)
        ^^^^^^^^^^^^^^^^^^^^^^^^^^^^^^^^^^^^^^^^^^^^^^
/usr/local/lib/python3.13/site-packages/httpcore/_async/http11.py:177: in _receive_response_headers
    event = await self._receive_event(timeout=timeout)
            ^^^^^^^^^^^^^^^^^^^^^^^^^^^^^^^^^^^^^^^^^^
/usr/local/lib/python3.13/site-packages/httpcore/_async/http11.py:217: in _receive_event
    data = await self._network_stream.read(
/usr/local/lib/python3.13/site-packages/httpcore/_backends/anyio.py:32: in read
    with map_exceptions(exc_map):
         ^^^^^^^^^^^^^^^^^^^^^^^
/usr/local/lib/python3.13/contextlib.py:162: in __exit__
    self.gen.throw(value)
/usr/local/lib/python3.13/site-packages/httpcore/_exceptions.py:14: in map_exceptions
    raise to_exc(exc) from exc
E   httpcore.ReadTimeout

The above exception was the direct cause of the following exception:
/sda/sokatov/own/perslad-1/e2e-tests/tests/test_user_requests_responses.py:290: in test_response_timeouts
    ???
/usr/local/lib/python3.13/site-packages/httpx/_client.py:1859: in post
    return await self.request(
/usr/local/lib/python3.13/site-packages/httpx/_client.py:1540: in request
    return await self.send(request, auth=auth, follow_redirects=follow_redirects)
           ^^^^^^^^^^^^^^^^^^^^^^^^^^^^^^^^^^^^^^^^^^^^^^^^^^^^^^^^^^^^^^^^^^^^^^
/usr/local/lib/python3.13/site-packages/httpx/_client.py:1629: in send
    response = await self._send_handling_auth(
/usr/local/lib/python3.13/site-packages/httpx/_client.py:1657: in _send_handling_auth
    response = await self._send_handling_redirects(
/usr/local/lib/python3.13/site-packages/httpx/_client.py:1694: in _send_handling_redirects
    response = await self._send_single_request(request)
               ^^^^^^^^^^^^^^^^^^^^^^^^^^^^^^^^^^^^^^^^
/usr/local/lib/python3.13/site-packages/httpx/_client.py:1730: in _send_single_request
    response = await transport.handle_async_request(request)
               ^^^^^^^^^^^^^^^^^^^^^^^^^^^^^^^^^^^^^^^^^^^^^
/usr/local/lib/python3.13/site-packages/httpx/_transports/default.py:393: in handle_async_request
    with map_httpcore_exceptions():
         ^^^^^^^^^^^^^^^^^^^^^^^^^
/usr/local/lib/python3.13/contextlib.py:162: in __exit__
    self.gen.throw(value)
/usr/local/lib/python3.13/site-packages/httpx/_transports/default.py:118: in map_httpcore_exceptions
    raise mapped_exc(message) from exc
E   httpx.ReadTimeout

During handling of the above exception, another exception occurred:
/sda/sokatov/own/perslad-1/e2e-tests/tests/test_user_requests_responses.py:295: in test_response_timeouts
    ???
E   AssertionError: assert ('timeout' in '' or 'connect' in '')
E    +  where '' = &lt;built-in method lower of str object at 0x7f9ac878d240&gt;()
E    +    where &lt;built-in method lower of str object at 0x7f9ac878d240&gt; = ''.lower
E    +      where '' = str(ReadTimeout(''))
E    +  and   '' = &lt;built-in method lower of str object at 0x7f9ac878d240&gt;()
E    +    where &lt;built-in method lower of str object at 0x7f9ac878d240&gt; = ''.lower
E    +      where '' = str(ReadTimeout(''))</failure></testcase><testcase classname="tests.test_user_requests_responses.TestUserRequestsResponses" name="test_concurrent_api_requests" time="30.465" /><testcase classname="tests.test_user_requests_responses.TestUserRequestsResponses" name="test_large_payloads" time="0.947" /><testcase classname="tests.test_user_requests_responses.TestUserRequestsResponses" name="test_api_rate_limiting" time="85.418" /><testcase classname="tests.test_user_requests_responses.TestUserRequestsResponses" name="test_ingestor_status_endpoint" time="0.046" /><testcase classname="tests.test_user_requests_responses.TestUserRequestsResponses" name="test_ingestor_knowledge_endpoints" time="0.123"><failure message="assert 404 == 200&#10; +  where 404 = &lt;Response [404 Not Found]&gt;.status_code">/sda/sokatov/own/perslad-1/e2e-tests/tests/test_user_requests_responses.py:406: in test_ingestor_knowledge_endpoints
    ???
E   assert 404 == 200
E    +  where 404 = &lt;Response [404 Not Found]&gt;.status_code</failure></testcase><testcase classname="tests.test_user_requests_responses.TestUserRequestsResponses" name="test_llm_chat_completion" time="0.100"><failure message="assert 404 == 200&#10; +  where 404 = &lt;Response [404 Not Found]&gt;.status_code">/sda/sokatov/own/perslad-1/e2e-tests/tests/test_user_requests_responses.py:438: in test_llm_chat_completion
    ???
E   assert 404 == 200
E    +  where 404 = &lt;Response [404 Not Found]&gt;.status_code</failure></testcase><testcase classname="tests.test_user_requests_responses.TestUserRequestsResponses" name="test_llm_streaming_chat_completion" time="0.113"><failure message="assert 404 == 200&#10; +  where 404 = &lt;Response [404 Not Found]&gt;.status_code">/sda/sokatov/own/perslad-1/e2e-tests/tests/test_user_requests_responses.py:460: in test_llm_streaming_chat_completion
    ???
E   assert 404 == 200
E    +  where 404 = &lt;Response [404 Not Found]&gt;.status_code</failure></testcase><testcase classname="tests.test_user_requests_responses.TestUserRequestsResponses" name="test_embedding_generation" time="0.023" /><testcase classname="tests.test_user_requests_responses.TestUserRequestsResponses" name="test_mcp_tools_endpoint" time="0.099"><failure message="assert 404 == 200&#10; +  where 404 = &lt;Response [404 Not Found]&gt;.status_code">/sda/sokatov/own/perslad-1/e2e-tests/tests/test_user_requests_responses.py:496: in test_mcp_tools_endpoint
    ???
E   assert 404 == 200
E    +  where 404 = &lt;Response [404 Not Found]&gt;.status_code</failure></testcase><testcase classname="tests.test_user_requests_responses.TestUserRequestsResponses" name="test_mcp_tool_call" time="0.081"><failure message="assert 404 in [200, 400]&#10; +  where 404 = &lt;Response [404 Not Found]&gt;.status_code">/sda/sokatov/own/perslad-1/e2e-tests/tests/test_user_requests_responses.py:519: in test_mcp_tool_call
    ???
E   assert 404 in [200, 400]
E    +  where 404 = &lt;Response [404 Not Found]&gt;.status_code</failure></testcase><testcase classname="tests.test_user_requests_responses.TestUserRequestsResponses" name="test_response_content_types" time="0.600" /><testcase classname="tests.test_user_requests_responses.TestUserRequestsResponses" name="test_response_headers" time="0.587" /><testcase classname="tests.test_user_requests_responses.TestUserRequestsResponses" name="test_response_pagination" time="20.332"><failure message="assert 404 in [200, 400]&#10; +  where 404 = &lt;Response [404 Not Found]&gt;.status_code">/sda/sokatov/own/perslad-1/e2e-tests/tests/test_user_requests_responses.py:586: in test_response_pagination
    ???
E   assert 404 in [200, 400]
E    +  where 404 = &lt;Response [404 Not Found]&gt;.status_code</failure></testcase></testsuite></testsuites>