<?xml version="1.0" encoding="utf-8"?><testsuites name="pytest tests"><testsuite name="e2e_tests" errors="11" failures="16" skipped="7" tests="114" time="161.562" timestamp="2026-02-28T20:51:00.345410+05:00" hostname="okryz"><testcase classname="tests.test_component_ingestor.TestFileIndexingViaInotify" name="test_empty_file_indexed_with_error" time="8.543"><skipped type="pytest.skip" message="File was not indexed">/sda/sokatov/own/perslad/e2e-tests/tests/test_component_ingestor.py:222: File was not indexed</skipped></testcase><testcase classname="tests.test_agents_ingestor_integration.TestFileDeletion" name="test_file_deleted_in_container_removed_from_db" time="3.546"><skipped type="pytest.skip" message="File was not indexed, cannot test deletion">/sda/sokatov/own/perslad/e2e-tests/tests/test_agents_ingestor_integration.py:251: File was not indexed, cannot test deletion</skipped></testcase><testcase classname="tests.test_component_ingestor.TestIngestorHealth" name="test_ingestor_health_endpoint" time="0.640"><failure message="httpx.RemoteProtocolError: Server disconnected without sending a response.">/home/sokatov/.conda/envs/usr/lib/python3.12/site-packages/httpx/_transports/default.py:101: in map_httpcore_exceptions
    yield
/home/sokatov/.conda/envs/usr/lib/python3.12/site-packages/httpx/_transports/default.py:394: in handle_async_request
    resp = await self._pool.handle_async_request(req)
           ^^^^^^^^^^^^^^^^^^^^^^^^^^^^^^^^^^^^^^^^^^
/home/sokatov/.conda/envs/usr/lib/python3.12/site-packages/httpcore/_async/connection_pool.py:256: in handle_async_request
    raise exc from None
/home/sokatov/.conda/envs/usr/lib/python3.12/site-packages/httpcore/_async/connection_pool.py:236: in handle_async_request
    response = await connection.handle_async_request(
/home/sokatov/.conda/envs/usr/lib/python3.12/site-packages/httpcore/_async/connection.py:103: in handle_async_request
    return await self._connection.handle_async_request(request)
           ^^^^^^^^^^^^^^^^^^^^^^^^^^^^^^^^^^^^^^^^^^^^^^^^^^^^
/home/sokatov/.conda/envs/usr/lib/python3.12/site-packages/httpcore/_async/http11.py:136: in handle_async_request
    raise exc
/home/sokatov/.conda/envs/usr/lib/python3.12/site-packages/httpcore/_async/http11.py:106: in handle_async_request
    ) = await self._receive_response_headers(**kwargs)
        ^^^^^^^^^^^^^^^^^^^^^^^^^^^^^^^^^^^^^^^^^^^^^^
/home/sokatov/.conda/envs/usr/lib/python3.12/site-packages/httpcore/_async/http11.py:177: in _receive_response_headers
    event = await self._receive_event(timeout=timeout)
            ^^^^^^^^^^^^^^^^^^^^^^^^^^^^^^^^^^^^^^^^^^
/home/sokatov/.conda/envs/usr/lib/python3.12/site-packages/httpcore/_async/http11.py:231: in _receive_event
    raise RemoteProtocolError(msg)
E   httpcore.RemoteProtocolError: Server disconnected without sending a response.

The above exception was the direct cause of the following exception:
tests/test_component_ingestor.py:79: in test_ingestor_health_endpoint
    response = await ingestor_client.get(Ingestor.HEALTH)
               ^^^^^^^^^^^^^^^^^^^^^^^^^^^^^^^^^^^^^^^^^^
/home/sokatov/.conda/envs/usr/lib/python3.12/site-packages/httpx/_client.py:1768: in get
    return await self.request(
/home/sokatov/.conda/envs/usr/lib/python3.12/site-packages/httpx/_client.py:1540: in request
    return await self.send(request, auth=auth, follow_redirects=follow_redirects)
           ^^^^^^^^^^^^^^^^^^^^^^^^^^^^^^^^^^^^^^^^^^^^^^^^^^^^^^^^^^^^^^^^^^^^^^
/home/sokatov/.conda/envs/usr/lib/python3.12/site-packages/httpx/_client.py:1629: in send
    response = await self._send_handling_auth(
/home/sokatov/.conda/envs/usr/lib/python3.12/site-packages/httpx/_client.py:1657: in _send_handling_auth
    response = await self._send_handling_redirects(
/home/sokatov/.conda/envs/usr/lib/python3.12/site-packages/httpx/_client.py:1694: in _send_handling_redirects
    response = await self._send_single_request(request)
               ^^^^^^^^^^^^^^^^^^^^^^^^^^^^^^^^^^^^^^^^
/home/sokatov/.conda/envs/usr/lib/python3.12/site-packages/httpx/_client.py:1730: in _send_single_request
    response = await transport.handle_async_request(request)
               ^^^^^^^^^^^^^^^^^^^^^^^^^^^^^^^^^^^^^^^^^^^^^
/home/sokatov/.conda/envs/usr/lib/python3.12/site-packages/httpx/_transports/default.py:393: in handle_async_request
    with map_httpcore_exceptions():
         ^^^^^^^^^^^^^^^^^^^^^^^^^
/home/sokatov/.conda/envs/usr/lib/python3.12/contextlib.py:158: in __exit__
    self.gen.throw(value)
/home/sokatov/.conda/envs/usr/lib/python3.12/site-packages/httpx/_transports/default.py:118: in map_httpcore_exceptions
    raise mapped_exc(message) from exc
E   httpx.RemoteProtocolError: Server disconnected without sending a response.</failure></testcase><testcase classname="tests.test_component_ingestor.TestIngestorHealth" name="test_ingestor_stats_endpoint" time="0.073"><failure message="httpx.RemoteProtocolError: Server disconnected without sending a response.">/home/sokatov/.conda/envs/usr/lib/python3.12/site-packages/httpx/_transports/default.py:101: in map_httpcore_exceptions
    yield
/home/sokatov/.conda/envs/usr/lib/python3.12/site-packages/httpx/_transports/default.py:394: in handle_async_request
    resp = await self._pool.handle_async_request(req)
           ^^^^^^^^^^^^^^^^^^^^^^^^^^^^^^^^^^^^^^^^^^
/home/sokatov/.conda/envs/usr/lib/python3.12/site-packages/httpcore/_async/connection_pool.py:256: in handle_async_request
    raise exc from None
/home/sokatov/.conda/envs/usr/lib/python3.12/site-packages/httpcore/_async/connection_pool.py:236: in handle_async_request
    response = await connection.handle_async_request(
/home/sokatov/.conda/envs/usr/lib/python3.12/site-packages/httpcore/_async/connection.py:103: in handle_async_request
    return await self._connection.handle_async_request(request)
           ^^^^^^^^^^^^^^^^^^^^^^^^^^^^^^^^^^^^^^^^^^^^^^^^^^^^
/home/sokatov/.conda/envs/usr/lib/python3.12/site-packages/httpcore/_async/http11.py:136: in handle_async_request
    raise exc
/home/sokatov/.conda/envs/usr/lib/python3.12/site-packages/httpcore/_async/http11.py:106: in handle_async_request
    ) = await self._receive_response_headers(**kwargs)
        ^^^^^^^^^^^^^^^^^^^^^^^^^^^^^^^^^^^^^^^^^^^^^^
/home/sokatov/.conda/envs/usr/lib/python3.12/site-packages/httpcore/_async/http11.py:177: in _receive_response_headers
    event = await self._receive_event(timeout=timeout)
            ^^^^^^^^^^^^^^^^^^^^^^^^^^^^^^^^^^^^^^^^^^
/home/sokatov/.conda/envs/usr/lib/python3.12/site-packages/httpcore/_async/http11.py:231: in _receive_event
    raise RemoteProtocolError(msg)
E   httpcore.RemoteProtocolError: Server disconnected without sending a response.

The above exception was the direct cause of the following exception:
tests/test_component_ingestor.py:88: in test_ingestor_stats_endpoint
    response = await ingestor_client.get(Ingestor.STATS)
               ^^^^^^^^^^^^^^^^^^^^^^^^^^^^^^^^^^^^^^^^^
/home/sokatov/.conda/envs/usr/lib/python3.12/site-packages/httpx/_client.py:1768: in get
    return await self.request(
/home/sokatov/.conda/envs/usr/lib/python3.12/site-packages/httpx/_client.py:1540: in request
    return await self.send(request, auth=auth, follow_redirects=follow_redirects)
           ^^^^^^^^^^^^^^^^^^^^^^^^^^^^^^^^^^^^^^^^^^^^^^^^^^^^^^^^^^^^^^^^^^^^^^
/home/sokatov/.conda/envs/usr/lib/python3.12/site-packages/httpx/_client.py:1629: in send
    response = await self._send_handling_auth(
/home/sokatov/.conda/envs/usr/lib/python3.12/site-packages/httpx/_client.py:1657: in _send_handling_auth
    response = await self._send_handling_redirects(
/home/sokatov/.conda/envs/usr/lib/python3.12/site-packages/httpx/_client.py:1694: in _send_handling_redirects
    response = await self._send_single_request(request)
               ^^^^^^^^^^^^^^^^^^^^^^^^^^^^^^^^^^^^^^^^
/home/sokatov/.conda/envs/usr/lib/python3.12/site-packages/httpx/_client.py:1730: in _send_single_request
    response = await transport.handle_async_request(request)
               ^^^^^^^^^^^^^^^^^^^^^^^^^^^^^^^^^^^^^^^^^^^^^
/home/sokatov/.conda/envs/usr/lib/python3.12/site-packages/httpx/_transports/default.py:393: in handle_async_request
    with map_httpcore_exceptions():
         ^^^^^^^^^^^^^^^^^^^^^^^^^
/home/sokatov/.conda/envs/usr/lib/python3.12/contextlib.py:158: in __exit__
    self.gen.throw(value)
/home/sokatov/.conda/envs/usr/lib/python3.12/site-packages/httpx/_transports/default.py:118: in map_httpcore_exceptions
    raise mapped_exc(message) from exc
E   httpx.RemoteProtocolError: Server disconnected without sending a response.</failure></testcase><testcase classname="tests.test_agents_ingestor_integration.TestSearchIntegration" name="test_search_finds_sample_files" time="0.124"><failure message="httpx.ReadError">/home/sokatov/.conda/envs/usr/lib/python3.12/site-packages/httpx/_transports/default.py:101: in map_httpcore_exceptions
    yield
/home/sokatov/.conda/envs/usr/lib/python3.12/site-packages/httpx/_transports/default.py:394: in handle_async_request
    resp = await self._pool.handle_async_request(req)
           ^^^^^^^^^^^^^^^^^^^^^^^^^^^^^^^^^^^^^^^^^^
/home/sokatov/.conda/envs/usr/lib/python3.12/site-packages/httpcore/_async/connection_pool.py:256: in handle_async_request
    raise exc from None
/home/sokatov/.conda/envs/usr/lib/python3.12/site-packages/httpcore/_async/connection_pool.py:236: in handle_async_request
    response = await connection.handle_async_request(
/home/sokatov/.conda/envs/usr/lib/python3.12/site-packages/httpcore/_async/connection.py:103: in handle_async_request
    return await self._connection.handle_async_request(request)
           ^^^^^^^^^^^^^^^^^^^^^^^^^^^^^^^^^^^^^^^^^^^^^^^^^^^^
/home/sokatov/.conda/envs/usr/lib/python3.12/site-packages/httpcore/_async/http11.py:136: in handle_async_request
    raise exc
/home/sokatov/.conda/envs/usr/lib/python3.12/site-packages/httpcore/_async/http11.py:106: in handle_async_request
    ) = await self._receive_response_headers(**kwargs)
        ^^^^^^^^^^^^^^^^^^^^^^^^^^^^^^^^^^^^^^^^^^^^^^
/home/sokatov/.conda/envs/usr/lib/python3.12/site-packages/httpcore/_async/http11.py:177: in _receive_response_headers
    event = await self._receive_event(timeout=timeout)
            ^^^^^^^^^^^^^^^^^^^^^^^^^^^^^^^^^^^^^^^^^^
/home/sokatov/.conda/envs/usr/lib/python3.12/site-packages/httpcore/_async/http11.py:217: in _receive_event
    data = await self._network_stream.read(
/home/sokatov/.conda/envs/usr/lib/python3.12/site-packages/httpcore/_backends/anyio.py:32: in read
    with map_exceptions(exc_map):
         ^^^^^^^^^^^^^^^^^^^^^^^
/home/sokatov/.conda/envs/usr/lib/python3.12/contextlib.py:158: in __exit__
    self.gen.throw(value)
/home/sokatov/.conda/envs/usr/lib/python3.12/site-packages/httpcore/_exceptions.py:14: in map_exceptions
    raise to_exc(exc) from exc
E   httpcore.ReadError

The above exception was the direct cause of the following exception:
tests/test_agents_ingestor_integration.py:279: in test_search_finds_sample_files
    response = await ingestor_client.post(Ingestor.SEARCH, json=search_payload)
               ^^^^^^^^^^^^^^^^^^^^^^^^^^^^^^^^^^^^^^^^^^^^^^^^^^^^^^^^^^^^^^^^
/home/sokatov/.conda/envs/usr/lib/python3.12/site-packages/httpx/_client.py:1859: in post
    return await self.request(
/home/sokatov/.conda/envs/usr/lib/python3.12/site-packages/httpx/_client.py:1540: in request
    return await self.send(request, auth=auth, follow_redirects=follow_redirects)
           ^^^^^^^^^^^^^^^^^^^^^^^^^^^^^^^^^^^^^^^^^^^^^^^^^^^^^^^^^^^^^^^^^^^^^^
/home/sokatov/.conda/envs/usr/lib/python3.12/site-packages/httpx/_client.py:1629: in send
    response = await self._send_handling_auth(
/home/sokatov/.conda/envs/usr/lib/python3.12/site-packages/httpx/_client.py:1657: in _send_handling_auth
    response = await self._send_handling_redirects(
/home/sokatov/.conda/envs/usr/lib/python3.12/site-packages/httpx/_client.py:1694: in _send_handling_redirects
    response = await self._send_single_request(request)
               ^^^^^^^^^^^^^^^^^^^^^^^^^^^^^^^^^^^^^^^^
/home/sokatov/.conda/envs/usr/lib/python3.12/site-packages/httpx/_client.py:1730: in _send_single_request
    response = await transport.handle_async_request(request)
               ^^^^^^^^^^^^^^^^^^^^^^^^^^^^^^^^^^^^^^^^^^^^^
/home/sokatov/.conda/envs/usr/lib/python3.12/site-packages/httpx/_transports/default.py:393: in handle_async_request
    with map_httpcore_exceptions():
         ^^^^^^^^^^^^^^^^^^^^^^^^^
/home/sokatov/.conda/envs/usr/lib/python3.12/contextlib.py:158: in __exit__
    self.gen.throw(value)
/home/sokatov/.conda/envs/usr/lib/python3.12/site-packages/httpx/_transports/default.py:118: in map_httpcore_exceptions
    raise mapped_exc(message) from exc
E   httpx.ReadError</failure></testcase><testcase classname="tests.test_agents_ingestor_integration.TestSearchIntegration" name="test_search_returns_results" time="0.076"><failure message="httpx.ReadError">/home/sokatov/.conda/envs/usr/lib/python3.12/site-packages/httpx/_transports/default.py:101: in map_httpcore_exceptions
    yield
/home/sokatov/.conda/envs/usr/lib/python3.12/site-packages/httpx/_transports/default.py:394: in handle_async_request
    resp = await self._pool.handle_async_request(req)
           ^^^^^^^^^^^^^^^^^^^^^^^^^^^^^^^^^^^^^^^^^^
/home/sokatov/.conda/envs/usr/lib/python3.12/site-packages/httpcore/_async/connection_pool.py:256: in handle_async_request
    raise exc from None
/home/sokatov/.conda/envs/usr/lib/python3.12/site-packages/httpcore/_async/connection_pool.py:236: in handle_async_request
    response = await connection.handle_async_request(
/home/sokatov/.conda/envs/usr/lib/python3.12/site-packages/httpcore/_async/connection.py:103: in handle_async_request
    return await self._connection.handle_async_request(request)
           ^^^^^^^^^^^^^^^^^^^^^^^^^^^^^^^^^^^^^^^^^^^^^^^^^^^^
/home/sokatov/.conda/envs/usr/lib/python3.12/site-packages/httpcore/_async/http11.py:136: in handle_async_request
    raise exc
/home/sokatov/.conda/envs/usr/lib/python3.12/site-packages/httpcore/_async/http11.py:106: in handle_async_request
    ) = await self._receive_response_headers(**kwargs)
        ^^^^^^^^^^^^^^^^^^^^^^^^^^^^^^^^^^^^^^^^^^^^^^
/home/sokatov/.conda/envs/usr/lib/python3.12/site-packages/httpcore/_async/http11.py:177: in _receive_response_headers
    event = await self._receive_event(timeout=timeout)
            ^^^^^^^^^^^^^^^^^^^^^^^^^^^^^^^^^^^^^^^^^^
/home/sokatov/.conda/envs/usr/lib/python3.12/site-packages/httpcore/_async/http11.py:217: in _receive_event
    data = await self._network_stream.read(
/home/sokatov/.conda/envs/usr/lib/python3.12/site-packages/httpcore/_backends/anyio.py:32: in read
    with map_exceptions(exc_map):
         ^^^^^^^^^^^^^^^^^^^^^^^
/home/sokatov/.conda/envs/usr/lib/python3.12/contextlib.py:158: in __exit__
    self.gen.throw(value)
/home/sokatov/.conda/envs/usr/lib/python3.12/site-packages/httpcore/_exceptions.py:14: in map_exceptions
    raise to_exc(exc) from exc
E   httpcore.ReadError

The above exception was the direct cause of the following exception:
tests/test_agents_ingestor_integration.py:290: in test_search_returns_results
    response = await ingestor_client.post(Ingestor.SEARCH, json=search_payload)
               ^^^^^^^^^^^^^^^^^^^^^^^^^^^^^^^^^^^^^^^^^^^^^^^^^^^^^^^^^^^^^^^^
/home/sokatov/.conda/envs/usr/lib/python3.12/site-packages/httpx/_client.py:1859: in post
    return await self.request(
/home/sokatov/.conda/envs/usr/lib/python3.12/site-packages/httpx/_client.py:1540: in request
    return await self.send(request, auth=auth, follow_redirects=follow_redirects)
           ^^^^^^^^^^^^^^^^^^^^^^^^^^^^^^^^^^^^^^^^^^^^^^^^^^^^^^^^^^^^^^^^^^^^^^
/home/sokatov/.conda/envs/usr/lib/python3.12/site-packages/httpx/_client.py:1629: in send
    response = await self._send_handling_auth(
/home/sokatov/.conda/envs/usr/lib/python3.12/site-packages/httpx/_client.py:1657: in _send_handling_auth
    response = await self._send_handling_redirects(
/home/sokatov/.conda/envs/usr/lib/python3.12/site-packages/httpx/_client.py:1694: in _send_handling_redirects
    response = await self._send_single_request(request)
               ^^^^^^^^^^^^^^^^^^^^^^^^^^^^^^^^^^^^^^^^
/home/sokatov/.conda/envs/usr/lib/python3.12/site-packages/httpx/_client.py:1730: in _send_single_request
    response = await transport.handle_async_request(request)
               ^^^^^^^^^^^^^^^^^^^^^^^^^^^^^^^^^^^^^^^^^^^^^
/home/sokatov/.conda/envs/usr/lib/python3.12/site-packages/httpx/_transports/default.py:393: in handle_async_request
    with map_httpcore_exceptions():
         ^^^^^^^^^^^^^^^^^^^^^^^^^
/home/sokatov/.conda/envs/usr/lib/python3.12/contextlib.py:158: in __exit__
    self.gen.throw(value)
/home/sokatov/.conda/envs/usr/lib/python3.12/site-packages/httpx/_transports/default.py:118: in map_httpcore_exceptions
    raise mapped_exc(message) from exc
E   httpx.ReadError</failure></testcase><testcase classname="tests.test_agents_ingestor_integration.TestAgentIntegration" name="test_agent_can_search_and_chat" time="0.094"><failure message="httpx.ReadError">/home/sokatov/.conda/envs/usr/lib/python3.12/site-packages/httpx/_transports/default.py:101: in map_httpcore_exceptions
    yield
/home/sokatov/.conda/envs/usr/lib/python3.12/site-packages/httpx/_transports/default.py:394: in handle_async_request
    resp = await self._pool.handle_async_request(req)
           ^^^^^^^^^^^^^^^^^^^^^^^^^^^^^^^^^^^^^^^^^^
/home/sokatov/.conda/envs/usr/lib/python3.12/site-packages/httpcore/_async/connection_pool.py:256: in handle_async_request
    raise exc from None
/home/sokatov/.conda/envs/usr/lib/python3.12/site-packages/httpcore/_async/connection_pool.py:236: in handle_async_request
    response = await connection.handle_async_request(
/home/sokatov/.conda/envs/usr/lib/python3.12/site-packages/httpcore/_async/connection.py:103: in handle_async_request
    return await self._connection.handle_async_request(request)
           ^^^^^^^^^^^^^^^^^^^^^^^^^^^^^^^^^^^^^^^^^^^^^^^^^^^^
/home/sokatov/.conda/envs/usr/lib/python3.12/site-packages/httpcore/_async/http11.py:136: in handle_async_request
    raise exc
/home/sokatov/.conda/envs/usr/lib/python3.12/site-packages/httpcore/_async/http11.py:106: in handle_async_request
    ) = await self._receive_response_headers(**kwargs)
        ^^^^^^^^^^^^^^^^^^^^^^^^^^^^^^^^^^^^^^^^^^^^^^
/home/sokatov/.conda/envs/usr/lib/python3.12/site-packages/httpcore/_async/http11.py:177: in _receive_response_headers
    event = await self._receive_event(timeout=timeout)
            ^^^^^^^^^^^^^^^^^^^^^^^^^^^^^^^^^^^^^^^^^^
/home/sokatov/.conda/envs/usr/lib/python3.12/site-packages/httpcore/_async/http11.py:217: in _receive_event
    data = await self._network_stream.read(
/home/sokatov/.conda/envs/usr/lib/python3.12/site-packages/httpcore/_backends/anyio.py:32: in read
    with map_exceptions(exc_map):
         ^^^^^^^^^^^^^^^^^^^^^^^
/home/sokatov/.conda/envs/usr/lib/python3.12/contextlib.py:158: in __exit__
    self.gen.throw(value)
/home/sokatov/.conda/envs/usr/lib/python3.12/site-packages/httpcore/_exceptions.py:14: in map_exceptions
    raise to_exc(exc) from exc
E   httpcore.ReadError

The above exception was the direct cause of the following exception:
tests/test_agents_ingestor_integration.py:308: in test_agent_can_search_and_chat
    search_response = await ingestor_client.post(Ingestor.SEARCH, json=search_payload)
                      ^^^^^^^^^^^^^^^^^^^^^^^^^^^^^^^^^^^^^^^^^^^^^^^^^^^^^^^^^^^^^^^^
/home/sokatov/.conda/envs/usr/lib/python3.12/site-packages/httpx/_client.py:1859: in post
    return await self.request(
/home/sokatov/.conda/envs/usr/lib/python3.12/site-packages/httpx/_client.py:1540: in request
    return await self.send(request, auth=auth, follow_redirects=follow_redirects)
           ^^^^^^^^^^^^^^^^^^^^^^^^^^^^^^^^^^^^^^^^^^^^^^^^^^^^^^^^^^^^^^^^^^^^^^
/home/sokatov/.conda/envs/usr/lib/python3.12/site-packages/httpx/_client.py:1629: in send
    response = await self._send_handling_auth(
/home/sokatov/.conda/envs/usr/lib/python3.12/site-packages/httpx/_client.py:1657: in _send_handling_auth
    response = await self._send_handling_redirects(
/home/sokatov/.conda/envs/usr/lib/python3.12/site-packages/httpx/_client.py:1694: in _send_handling_redirects
    response = await self._send_single_request(request)
               ^^^^^^^^^^^^^^^^^^^^^^^^^^^^^^^^^^^^^^^^
/home/sokatov/.conda/envs/usr/lib/python3.12/site-packages/httpx/_client.py:1730: in _send_single_request
    response = await transport.handle_async_request(request)
               ^^^^^^^^^^^^^^^^^^^^^^^^^^^^^^^^^^^^^^^^^^^^^
/home/sokatov/.conda/envs/usr/lib/python3.12/site-packages/httpx/_transports/default.py:393: in handle_async_request
    with map_httpcore_exceptions():
         ^^^^^^^^^^^^^^^^^^^^^^^^^
/home/sokatov/.conda/envs/usr/lib/python3.12/contextlib.py:158: in __exit__
    self.gen.throw(value)
/home/sokatov/.conda/envs/usr/lib/python3.12/site-packages/httpx/_transports/default.py:118: in map_httpcore_exceptions
    raise mapped_exc(message) from exc
E   httpx.ReadError</failure></testcase><testcase classname="tests.test_component_emb.TestEMBComponent" name="test_embeddings_basic" time="28.327" /><testcase classname="tests.test_component_ingestor.TestFileDeletionViaInotify" name="test_file_deleted_removed_from_db" time="8.051"><skipped type="pytest.skip" message="File was not indexed, cannot test deletion">/sda/sokatov/own/perslad/e2e-tests/tests/test_component_ingestor.py:257: File was not indexed, cannot test deletion</skipped></testcase><testcase classname="tests.test_component_ingestor.TestSearchFunctionality" name="test_search_returns_results" time="0.099"><failure message="httpx.ReadError">/home/sokatov/.conda/envs/usr/lib/python3.12/site-packages/httpx/_transports/default.py:101: in map_httpcore_exceptions
    yield
/home/sokatov/.conda/envs/usr/lib/python3.12/site-packages/httpx/_transports/default.py:394: in handle_async_request
    resp = await self._pool.handle_async_request(req)
           ^^^^^^^^^^^^^^^^^^^^^^^^^^^^^^^^^^^^^^^^^^
/home/sokatov/.conda/envs/usr/lib/python3.12/site-packages/httpcore/_async/connection_pool.py:256: in handle_async_request
    raise exc from None
/home/sokatov/.conda/envs/usr/lib/python3.12/site-packages/httpcore/_async/connection_pool.py:236: in handle_async_request
    response = await connection.handle_async_request(
/home/sokatov/.conda/envs/usr/lib/python3.12/site-packages/httpcore/_async/connection.py:103: in handle_async_request
    return await self._connection.handle_async_request(request)
           ^^^^^^^^^^^^^^^^^^^^^^^^^^^^^^^^^^^^^^^^^^^^^^^^^^^^
/home/sokatov/.conda/envs/usr/lib/python3.12/site-packages/httpcore/_async/http11.py:136: in handle_async_request
    raise exc
/home/sokatov/.conda/envs/usr/lib/python3.12/site-packages/httpcore/_async/http11.py:106: in handle_async_request
    ) = await self._receive_response_headers(**kwargs)
        ^^^^^^^^^^^^^^^^^^^^^^^^^^^^^^^^^^^^^^^^^^^^^^
/home/sokatov/.conda/envs/usr/lib/python3.12/site-packages/httpcore/_async/http11.py:177: in _receive_response_headers
    event = await self._receive_event(timeout=timeout)
            ^^^^^^^^^^^^^^^^^^^^^^^^^^^^^^^^^^^^^^^^^^
/home/sokatov/.conda/envs/usr/lib/python3.12/site-packages/httpcore/_async/http11.py:217: in _receive_event
    data = await self._network_stream.read(
/home/sokatov/.conda/envs/usr/lib/python3.12/site-packages/httpcore/_backends/anyio.py:32: in read
    with map_exceptions(exc_map):
         ^^^^^^^^^^^^^^^^^^^^^^^
/home/sokatov/.conda/envs/usr/lib/python3.12/contextlib.py:158: in __exit__
    self.gen.throw(value)
/home/sokatov/.conda/envs/usr/lib/python3.12/site-packages/httpcore/_exceptions.py:14: in map_exceptions
    raise to_exc(exc) from exc
E   httpcore.ReadError

The above exception was the direct cause of the following exception:
tests/test_component_ingestor.py:285: in test_search_returns_results
    response = await ingestor_client.post(Ingestor.SEARCH, json=search_payload)
               ^^^^^^^^^^^^^^^^^^^^^^^^^^^^^^^^^^^^^^^^^^^^^^^^^^^^^^^^^^^^^^^^
/home/sokatov/.conda/envs/usr/lib/python3.12/site-packages/httpx/_client.py:1859: in post
    return await self.request(
/home/sokatov/.conda/envs/usr/lib/python3.12/site-packages/httpx/_client.py:1540: in request
    return await self.send(request, auth=auth, follow_redirects=follow_redirects)
           ^^^^^^^^^^^^^^^^^^^^^^^^^^^^^^^^^^^^^^^^^^^^^^^^^^^^^^^^^^^^^^^^^^^^^^
/home/sokatov/.conda/envs/usr/lib/python3.12/site-packages/httpx/_client.py:1629: in send
    response = await self._send_handling_auth(
/home/sokatov/.conda/envs/usr/lib/python3.12/site-packages/httpx/_client.py:1657: in _send_handling_auth
    response = await self._send_handling_redirects(
/home/sokatov/.conda/envs/usr/lib/python3.12/site-packages/httpx/_client.py:1694: in _send_handling_redirects
    response = await self._send_single_request(request)
               ^^^^^^^^^^^^^^^^^^^^^^^^^^^^^^^^^^^^^^^^
/home/sokatov/.conda/envs/usr/lib/python3.12/site-packages/httpx/_client.py:1730: in _send_single_request
    response = await transport.handle_async_request(request)
               ^^^^^^^^^^^^^^^^^^^^^^^^^^^^^^^^^^^^^^^^^^^^^
/home/sokatov/.conda/envs/usr/lib/python3.12/site-packages/httpx/_transports/default.py:393: in handle_async_request
    with map_httpcore_exceptions():
         ^^^^^^^^^^^^^^^^^^^^^^^^^
/home/sokatov/.conda/envs/usr/lib/python3.12/contextlib.py:158: in __exit__
    self.gen.throw(value)
/home/sokatov/.conda/envs/usr/lib/python3.12/site-packages/httpx/_transports/default.py:118: in map_httpcore_exceptions
    raise mapped_exc(message) from exc
E   httpx.ReadError</failure></testcase><testcase classname="tests.test_component_ingestor.TestSearchFunctionality" name="test_search_with_top_k_parameter" time="0.066"><failure message="httpx.ReadError">/home/sokatov/.conda/envs/usr/lib/python3.12/site-packages/httpx/_transports/default.py:101: in map_httpcore_exceptions
    yield
/home/sokatov/.conda/envs/usr/lib/python3.12/site-packages/httpx/_transports/default.py:394: in handle_async_request
    resp = await self._pool.handle_async_request(req)
           ^^^^^^^^^^^^^^^^^^^^^^^^^^^^^^^^^^^^^^^^^^
/home/sokatov/.conda/envs/usr/lib/python3.12/site-packages/httpcore/_async/connection_pool.py:256: in handle_async_request
    raise exc from None
/home/sokatov/.conda/envs/usr/lib/python3.12/site-packages/httpcore/_async/connection_pool.py:236: in handle_async_request
    response = await connection.handle_async_request(
/home/sokatov/.conda/envs/usr/lib/python3.12/site-packages/httpcore/_async/connection.py:103: in handle_async_request
    return await self._connection.handle_async_request(request)
           ^^^^^^^^^^^^^^^^^^^^^^^^^^^^^^^^^^^^^^^^^^^^^^^^^^^^
/home/sokatov/.conda/envs/usr/lib/python3.12/site-packages/httpcore/_async/http11.py:136: in handle_async_request
    raise exc
/home/sokatov/.conda/envs/usr/lib/python3.12/site-packages/httpcore/_async/http11.py:106: in handle_async_request
    ) = await self._receive_response_headers(**kwargs)
        ^^^^^^^^^^^^^^^^^^^^^^^^^^^^^^^^^^^^^^^^^^^^^^
/home/sokatov/.conda/envs/usr/lib/python3.12/site-packages/httpcore/_async/http11.py:177: in _receive_response_headers
    event = await self._receive_event(timeout=timeout)
            ^^^^^^^^^^^^^^^^^^^^^^^^^^^^^^^^^^^^^^^^^^
/home/sokatov/.conda/envs/usr/lib/python3.12/site-packages/httpcore/_async/http11.py:217: in _receive_event
    data = await self._network_stream.read(
/home/sokatov/.conda/envs/usr/lib/python3.12/site-packages/httpcore/_backends/anyio.py:32: in read
    with map_exceptions(exc_map):
         ^^^^^^^^^^^^^^^^^^^^^^^
/home/sokatov/.conda/envs/usr/lib/python3.12/contextlib.py:158: in __exit__
    self.gen.throw(value)
/home/sokatov/.conda/envs/usr/lib/python3.12/site-packages/httpcore/_exceptions.py:14: in map_exceptions
    raise to_exc(exc) from exc
E   httpcore.ReadError

The above exception was the direct cause of the following exception:
tests/test_component_ingestor.py:296: in test_search_with_top_k_parameter
    response = await ingestor_client.post(Ingestor.SEARCH, json=search_payload)
               ^^^^^^^^^^^^^^^^^^^^^^^^^^^^^^^^^^^^^^^^^^^^^^^^^^^^^^^^^^^^^^^^
/home/sokatov/.conda/envs/usr/lib/python3.12/site-packages/httpx/_client.py:1859: in post
    return await self.request(
/home/sokatov/.conda/envs/usr/lib/python3.12/site-packages/httpx/_client.py:1540: in request
    return await self.send(request, auth=auth, follow_redirects=follow_redirects)
           ^^^^^^^^^^^^^^^^^^^^^^^^^^^^^^^^^^^^^^^^^^^^^^^^^^^^^^^^^^^^^^^^^^^^^^
/home/sokatov/.conda/envs/usr/lib/python3.12/site-packages/httpx/_client.py:1629: in send
    response = await self._send_handling_auth(
/home/sokatov/.conda/envs/usr/lib/python3.12/site-packages/httpx/_client.py:1657: in _send_handling_auth
    response = await self._send_handling_redirects(
/home/sokatov/.conda/envs/usr/lib/python3.12/site-packages/httpx/_client.py:1694: in _send_handling_redirects
    response = await self._send_single_request(request)
               ^^^^^^^^^^^^^^^^^^^^^^^^^^^^^^^^^^^^^^^^
/home/sokatov/.conda/envs/usr/lib/python3.12/site-packages/httpx/_client.py:1730: in _send_single_request
    response = await transport.handle_async_request(request)
               ^^^^^^^^^^^^^^^^^^^^^^^^^^^^^^^^^^^^^^^^^^^^^
/home/sokatov/.conda/envs/usr/lib/python3.12/site-packages/httpx/_transports/default.py:393: in handle_async_request
    with map_httpcore_exceptions():
         ^^^^^^^^^^^^^^^^^^^^^^^^^
/home/sokatov/.conda/envs/usr/lib/python3.12/contextlib.py:158: in __exit__
    self.gen.throw(value)
/home/sokatov/.conda/envs/usr/lib/python3.12/site-packages/httpx/_transports/default.py:118: in map_httpcore_exceptions
    raise mapped_exc(message) from exc
E   httpx.ReadError</failure></testcase><testcase classname="tests.test_component_ingestor.TestChunksEndpoint" name="test_chunks_endpoint_returns_list" time="0.054"><failure message="httpx.RemoteProtocolError: Server disconnected without sending a response.">/home/sokatov/.conda/envs/usr/lib/python3.12/site-packages/httpx/_transports/default.py:101: in map_httpcore_exceptions
    yield
/home/sokatov/.conda/envs/usr/lib/python3.12/site-packages/httpx/_transports/default.py:394: in handle_async_request
    resp = await self._pool.handle_async_request(req)
           ^^^^^^^^^^^^^^^^^^^^^^^^^^^^^^^^^^^^^^^^^^
/home/sokatov/.conda/envs/usr/lib/python3.12/site-packages/httpcore/_async/connection_pool.py:256: in handle_async_request
    raise exc from None
/home/sokatov/.conda/envs/usr/lib/python3.12/site-packages/httpcore/_async/connection_pool.py:236: in handle_async_request
    response = await connection.handle_async_request(
/home/sokatov/.conda/envs/usr/lib/python3.12/site-packages/httpcore/_async/connection.py:103: in handle_async_request
    return await self._connection.handle_async_request(request)
           ^^^^^^^^^^^^^^^^^^^^^^^^^^^^^^^^^^^^^^^^^^^^^^^^^^^^
/home/sokatov/.conda/envs/usr/lib/python3.12/site-packages/httpcore/_async/http11.py:136: in handle_async_request
    raise exc
/home/sokatov/.conda/envs/usr/lib/python3.12/site-packages/httpcore/_async/http11.py:106: in handle_async_request
    ) = await self._receive_response_headers(**kwargs)
        ^^^^^^^^^^^^^^^^^^^^^^^^^^^^^^^^^^^^^^^^^^^^^^
/home/sokatov/.conda/envs/usr/lib/python3.12/site-packages/httpcore/_async/http11.py:177: in _receive_response_headers
    event = await self._receive_event(timeout=timeout)
            ^^^^^^^^^^^^^^^^^^^^^^^^^^^^^^^^^^^^^^^^^^
/home/sokatov/.conda/envs/usr/lib/python3.12/site-packages/httpcore/_async/http11.py:231: in _receive_event
    raise RemoteProtocolError(msg)
E   httpcore.RemoteProtocolError: Server disconnected without sending a response.

The above exception was the direct cause of the following exception:
tests/test_component_ingestor.py:313: in test_chunks_endpoint_returns_list
    response = await ingestor_client.get(Ingestor.CHUNKS)
               ^^^^^^^^^^^^^^^^^^^^^^^^^^^^^^^^^^^^^^^^^^
/home/sokatov/.conda/envs/usr/lib/python3.12/site-packages/httpx/_client.py:1768: in get
    return await self.request(
/home/sokatov/.conda/envs/usr/lib/python3.12/site-packages/httpx/_client.py:1540: in request
    return await self.send(request, auth=auth, follow_redirects=follow_redirects)
           ^^^^^^^^^^^^^^^^^^^^^^^^^^^^^^^^^^^^^^^^^^^^^^^^^^^^^^^^^^^^^^^^^^^^^^
/home/sokatov/.conda/envs/usr/lib/python3.12/site-packages/httpx/_client.py:1629: in send
    response = await self._send_handling_auth(
/home/sokatov/.conda/envs/usr/lib/python3.12/site-packages/httpx/_client.py:1657: in _send_handling_auth
    response = await self._send_handling_redirects(
/home/sokatov/.conda/envs/usr/lib/python3.12/site-packages/httpx/_client.py:1694: in _send_handling_redirects
    response = await self._send_single_request(request)
               ^^^^^^^^^^^^^^^^^^^^^^^^^^^^^^^^^^^^^^^^
/home/sokatov/.conda/envs/usr/lib/python3.12/site-packages/httpx/_client.py:1730: in _send_single_request
    response = await transport.handle_async_request(request)
               ^^^^^^^^^^^^^^^^^^^^^^^^^^^^^^^^^^^^^^^^^^^^^
/home/sokatov/.conda/envs/usr/lib/python3.12/site-packages/httpx/_transports/default.py:393: in handle_async_request
    with map_httpcore_exceptions():
         ^^^^^^^^^^^^^^^^^^^^^^^^^
/home/sokatov/.conda/envs/usr/lib/python3.12/contextlib.py:158: in __exit__
    self.gen.throw(value)
/home/sokatov/.conda/envs/usr/lib/python3.12/site-packages/httpx/_transports/default.py:118: in map_httpcore_exceptions
    raise mapped_exc(message) from exc
E   httpx.RemoteProtocolError: Server disconnected without sending a response.</failure></testcase><testcase classname="tests.test_component_ingestor.TestChunksEndpoint" name="test_chunks_endpoint_with_limit" time="0.055"><failure message="httpx.RemoteProtocolError: Server disconnected without sending a response.">/home/sokatov/.conda/envs/usr/lib/python3.12/site-packages/httpx/_transports/default.py:101: in map_httpcore_exceptions
    yield
/home/sokatov/.conda/envs/usr/lib/python3.12/site-packages/httpx/_transports/default.py:394: in handle_async_request
    resp = await self._pool.handle_async_request(req)
           ^^^^^^^^^^^^^^^^^^^^^^^^^^^^^^^^^^^^^^^^^^
/home/sokatov/.conda/envs/usr/lib/python3.12/site-packages/httpcore/_async/connection_pool.py:256: in handle_async_request
    raise exc from None
/home/sokatov/.conda/envs/usr/lib/python3.12/site-packages/httpcore/_async/connection_pool.py:236: in handle_async_request
    response = await connection.handle_async_request(
/home/sokatov/.conda/envs/usr/lib/python3.12/site-packages/httpcore/_async/connection.py:103: in handle_async_request
    return await self._connection.handle_async_request(request)
           ^^^^^^^^^^^^^^^^^^^^^^^^^^^^^^^^^^^^^^^^^^^^^^^^^^^^
/home/sokatov/.conda/envs/usr/lib/python3.12/site-packages/httpcore/_async/http11.py:136: in handle_async_request
    raise exc
/home/sokatov/.conda/envs/usr/lib/python3.12/site-packages/httpcore/_async/http11.py:106: in handle_async_request
    ) = await self._receive_response_headers(**kwargs)
        ^^^^^^^^^^^^^^^^^^^^^^^^^^^^^^^^^^^^^^^^^^^^^^
/home/sokatov/.conda/envs/usr/lib/python3.12/site-packages/httpcore/_async/http11.py:177: in _receive_response_headers
    event = await self._receive_event(timeout=timeout)
            ^^^^^^^^^^^^^^^^^^^^^^^^^^^^^^^^^^^^^^^^^^
/home/sokatov/.conda/envs/usr/lib/python3.12/site-packages/httpcore/_async/http11.py:231: in _receive_event
    raise RemoteProtocolError(msg)
E   httpcore.RemoteProtocolError: Server disconnected without sending a response.

The above exception was the direct cause of the following exception:
tests/test_component_ingestor.py:322: in test_chunks_endpoint_with_limit
    response = await ingestor_client.get(f"{Ingestor.CHUNKS}?limit=3")
               ^^^^^^^^^^^^^^^^^^^^^^^^^^^^^^^^^^^^^^^^^^^^^^^^^^^^^^^
/home/sokatov/.conda/envs/usr/lib/python3.12/site-packages/httpx/_client.py:1768: in get
    return await self.request(
/home/sokatov/.conda/envs/usr/lib/python3.12/site-packages/httpx/_client.py:1540: in request
    return await self.send(request, auth=auth, follow_redirects=follow_redirects)
           ^^^^^^^^^^^^^^^^^^^^^^^^^^^^^^^^^^^^^^^^^^^^^^^^^^^^^^^^^^^^^^^^^^^^^^
/home/sokatov/.conda/envs/usr/lib/python3.12/site-packages/httpx/_client.py:1629: in send
    response = await self._send_handling_auth(
/home/sokatov/.conda/envs/usr/lib/python3.12/site-packages/httpx/_client.py:1657: in _send_handling_auth
    response = await self._send_handling_redirects(
/home/sokatov/.conda/envs/usr/lib/python3.12/site-packages/httpx/_client.py:1694: in _send_handling_redirects
    response = await self._send_single_request(request)
               ^^^^^^^^^^^^^^^^^^^^^^^^^^^^^^^^^^^^^^^^
/home/sokatov/.conda/envs/usr/lib/python3.12/site-packages/httpx/_client.py:1730: in _send_single_request
    response = await transport.handle_async_request(request)
               ^^^^^^^^^^^^^^^^^^^^^^^^^^^^^^^^^^^^^^^^^^^^^
/home/sokatov/.conda/envs/usr/lib/python3.12/site-packages/httpx/_transports/default.py:393: in handle_async_request
    with map_httpcore_exceptions():
         ^^^^^^^^^^^^^^^^^^^^^^^^^
/home/sokatov/.conda/envs/usr/lib/python3.12/contextlib.py:158: in __exit__
    self.gen.throw(value)
/home/sokatov/.conda/envs/usr/lib/python3.12/site-packages/httpx/_transports/default.py:118: in map_httpcore_exceptions
    raise mapped_exc(message) from exc
E   httpx.RemoteProtocolError: Server disconnected without sending a response.</failure></testcase><testcase classname="tests.test_component_langgraph.TestLangGraphComponent" name="test_langgraph_health" time="0.066" /><testcase classname="tests.test_component_langgraph.TestLangGraphComponent" name="test_langgraph_chat_completion" time="0.776" /><testcase classname="tests.test_component_langgraph.TestLangGraphComponent" name="test_langgraph_streaming_chat" time="2.749" /><testcase classname="tests.test_component_langgraph.TestLangGraphComponent" name="test_langgraph_with_tools" time="2.317" /><testcase classname="tests.test_component_langgraph.TestLangGraphComponent" name="test_langgraph_multi_turn_conversation" time="1.451" /><testcase classname="tests.test_component_langgraph.TestLangGraphComponent" name="test_langgraph_system_message" time="5.219" /><testcase classname="tests.test_component_langgraph.TestLangGraphComponent" name="test_langgraph_temperature_control" time="2.524" /><testcase classname="tests.test_agents_ingestor_integration.TestInitialScan" name="test_expected_valid_files_in_db" time="30.648"><error message="failed on setup with &quot;Failed: Expected files not indexed within 30s: ['test_sample.py', 'test_sample.md', 'test_sample.txt', 'test_empty.txt', 'test_binary.bin']&quot;">/home/sokatov/.conda/envs/usr/lib/python3.12/site-packages/pytest_asyncio/plugin.py:302: in _asyncgen_fixture_wrapper
    result = event_loop.run_until_complete(setup())
             ^^^^^^^^^^^^^^^^^^^^^^^^^^^^^^^^^^^^^^
/home/sokatov/.conda/envs/usr/lib/python3.12/asyncio/base_events.py:691: in run_until_complete
    return future.result()
           ^^^^^^^^^^^^^^^
/home/sokatov/.conda/envs/usr/lib/python3.12/site-packages/pytest_asyncio/plugin.py:284: in setup
    res = await gen_obj.__anext__()
          ^^^^^^^^^^^^^^^^^^^^^^^^^
tests/conftest.py:459: in ensure_test_sample_indexed
    pytest.fail(f"Expected files not indexed within {timeout}s: {missing}")
E   Failed: Expected files not indexed within 30s: ['test_sample.py', 'test_sample.md', 'test_sample.txt', 'test_empty.txt', 'test_binary.bin']</error></testcase><testcase classname="tests.test_component_ingestor.TestInitialScanState" name="test_expected_valid_files_in_db" time="30.097"><error message="failed on setup with &quot;Failed: Expected files not indexed within 30s: ['test_sample.py', 'test_sample.md', 'test_sample.txt', 'test_empty.txt', 'test_binary.bin']&quot;">/home/sokatov/.conda/envs/usr/lib/python3.12/site-packages/pytest_asyncio/plugin.py:302: in _asyncgen_fixture_wrapper
    result = event_loop.run_until_complete(setup())
             ^^^^^^^^^^^^^^^^^^^^^^^^^^^^^^^^^^^^^^
/home/sokatov/.conda/envs/usr/lib/python3.12/asyncio/base_events.py:691: in run_until_complete
    return future.result()
           ^^^^^^^^^^^^^^^
/home/sokatov/.conda/envs/usr/lib/python3.12/site-packages/pytest_asyncio/plugin.py:284: in setup
    res = await gen_obj.__anext__()
          ^^^^^^^^^^^^^^^^^^^^^^^^^
tests/conftest.py:459: in ensure_test_sample_indexed
    pytest.fail(f"Expected files not indexed within {timeout}s: {missing}")
E   Failed: Expected files not indexed within 30s: ['test_sample.py', 'test_sample.md', 'test_sample.txt', 'test_empty.txt', 'test_binary.bin']</error></testcase><testcase classname="tests.test_component_langgraph.TestLangGraphComponent" name="test_langgraph_max_tokens" time="0.001"><skipped type="pytest.skip" message="Отложено на светлое будущее">/sda/sokatov/own/perslad/e2e-tests/tests/test_component_langgraph.py:176: Отложено на светлое будущее</skipped></testcase><testcase classname="tests.test_component_langgraph.TestLangGraphComponent" name="test_langgraph_error_handling" time="0.085" /><testcase classname="tests.test_component_langgraph.TestLangGraphComponent" name="test_langgraph_performance" time="1.052" /><testcase classname="tests.test_component_emb.TestEMBComponent" name="test_embeddings_consistency" time="0.085" /><testcase classname="tests.test_component_emb.TestEMBComponent" name="test_embeddings_batch" time="0.074" /><testcase classname="tests.test_component_llm.TestLLMComponent" name="test_llm_error_handling" time="0.057" /><testcase classname="tests.test_component_llm.TestLLMComponent" name="test_llm_performance_metrics" time="1.845" /><testcase classname="tests.test_component_langgraph.TestLangGraphComponent" name="test_langgraph_context_window" time="1.810" /><testcase classname="tests.test_component_llm.TestLLMComponent" name="test_llm_context_length" time="0.522" /><testcase classname="tests.test_component_mcp.TestMCPComponent" name="test_mcp_bash_health" time="0.066" /><testcase classname="tests.test_component_mcp.TestMCPComponent" name="test_mcp_project_health" time="0.051" /><testcase classname="tests.test_component_mcp.TestMCPComponent" name="test_mcp_bash_list_tools" time="0.062" /><testcase classname="tests.test_component_mcp.TestMCPComponent" name="test_mcp_project_list_tools" time="0.063" /><testcase classname="tests.test_component_langgraph.TestLangGraphComponent" name="test_langgraph_usage_metrics" time="0.265" /><testcase classname="tests.test_component_mcp.TestMCPComponent" name="test_mcp_bash_execute_command" time="0.080" /><testcase classname="tests.test_component_mcp.TestMCPComponent" name="test_mcp_project_file_operations" time="0.060" /><testcase classname="tests.test_component_mcp.TestMCPComponent" name="test_mcp_bash_error_handling" time="0.063" /><testcase classname="tests.test_component_mcp.TestMCPComponent" name="test_mcp_project_error_handling" time="0.064" /><testcase classname="tests.test_component_langgraph.TestLangGraphComponent" name="test_langgraph_parallel_requests" time="0.758" /><testcase classname="tests.test_component_mcp.TestMCPComponent" name="test_mcp_bash_tool_schema" time="0.081" /><testcase classname="tests.test_component_mcp.TestMCPComponent" name="test_mcp_project_tool_schema" time="0.069" /><testcase classname="tests.test_component_mcp.TestMCPComponent" name="test_mcp_bash_connection_stability" time="0.081" /><testcase classname="tests.test_component_mcp.TestMCPComponent" name="test_mcp_project_connection_stability" time="0.084" /><testcase classname="tests.test_component_mcp.TestMCPComponent" name="test_mcp_bash_multiple_tools" time="0.112" /><testcase classname="tests.test_component_mcp.TestMCPComponent" name="test_mcp_project_context_management" time="0.077" /><testcase classname="tests.test_component_mcp.TestMCPComponent" name="test_mcp_bash_large_output" time="0.072" /><testcase classname="tests.test_component_mcp.TestMCPComponent" name="test_mcp_project_complex_query" time="0.068" /><testcase classname="tests.test_e2e_full_workflow.TestE2EFullWorkflow" name="test_e2e_initial_scan_and_search" time="0.098"><failure message="sqlalchemy.exc.ProgrammingError: (psycopg2.errors.UndefinedTable) relation &quot;data_chunks_vectors&quot; does not exist&#10;LINE 1: SELECT COUNT(*) FROM data_chunks_vectors&#10;                             ^&#10;&#10;[SQL: SELECT COUNT(*) FROM data_chunks_vectors]&#10;(Background on this error at: https://sqlalche.me/e/20/f405)">/home/sokatov/.conda/envs/usr/lib/python3.12/site-packages/sqlalchemy/engine/base.py:1967: in _exec_single_context
    self.dialect.do_execute(
/home/sokatov/.conda/envs/usr/lib/python3.12/site-packages/sqlalchemy/engine/default.py:952: in do_execute
    cursor.execute(statement, parameters)
E   psycopg2.errors.UndefinedTable: relation "data_chunks_vectors" does not exist
E   LINE 1: SELECT COUNT(*) FROM data_chunks_vectors
E                                ^

The above exception was the direct cause of the following exception:
tests/test_e2e_full_workflow.py:68: in test_e2e_initial_scan_and_search
    chunks = get_chunks_count(db_engine)
             ^^^^^^^^^^^^^^^^^^^^^^^^^^^
tests/conftest.py:77: in get_chunks_count
    result = conn.execute(text("SELECT COUNT(*) FROM data_chunks_vectors"))
             ^^^^^^^^^^^^^^^^^^^^^^^^^^^^^^^^^^^^^^^^^^^^^^^^^^^^^^^^^^^^^^
/home/sokatov/.conda/envs/usr/lib/python3.12/site-packages/sqlalchemy/engine/base.py:1419: in execute
    return meth(
/home/sokatov/.conda/envs/usr/lib/python3.12/site-packages/sqlalchemy/sql/elements.py:527: in _execute_on_connection
    return connection._execute_clauseelement(
/home/sokatov/.conda/envs/usr/lib/python3.12/site-packages/sqlalchemy/engine/base.py:1641: in _execute_clauseelement
    ret = self._execute_context(
/home/sokatov/.conda/envs/usr/lib/python3.12/site-packages/sqlalchemy/engine/base.py:1846: in _execute_context
    return self._exec_single_context(
/home/sokatov/.conda/envs/usr/lib/python3.12/site-packages/sqlalchemy/engine/base.py:1986: in _exec_single_context
    self._handle_dbapi_exception(
/home/sokatov/.conda/envs/usr/lib/python3.12/site-packages/sqlalchemy/engine/base.py:2363: in _handle_dbapi_exception
    raise sqlalchemy_exception.with_traceback(exc_info[2]) from e
/home/sokatov/.conda/envs/usr/lib/python3.12/site-packages/sqlalchemy/engine/base.py:1967: in _exec_single_context
    self.dialect.do_execute(
/home/sokatov/.conda/envs/usr/lib/python3.12/site-packages/sqlalchemy/engine/default.py:952: in do_execute
    cursor.execute(statement, parameters)
E   sqlalchemy.exc.ProgrammingError: (psycopg2.errors.UndefinedTable) relation "data_chunks_vectors" does not exist
E   LINE 1: SELECT COUNT(*) FROM data_chunks_vectors
E                                ^
E   
E   [SQL: SELECT COUNT(*) FROM data_chunks_vectors]
E   (Background on this error at: https://sqlalche.me/e/20/f405)</failure></testcase><testcase classname="tests.test_component_llm.TestLLMComponent" name="test_llm_model_availability" time="0.080" /><testcase classname="tests.test_component_llm.TestLLMComponent" name="test_chat_completion_basic" time="0.229" /><testcase classname="tests.test_component_llm.TestLLMComponent" name="test_chat_completion_with_tools" time="0.416" /><testcase classname="tests.test_e2e_full_workflow.TestE2EFullWorkflow" name="test_e2e_file_created_search_chat" time="8.107"><skipped type="pytest.skip" message="File was not indexed">/sda/sokatov/own/perslad/e2e-tests/tests/test_e2e_full_workflow.py:106: File was not indexed</skipped></testcase><testcase classname="tests.test_component_llm.TestLLMComponent" name="test_chat_completion_streaming" time="0.426" /><testcase classname="tests.test_e2e_full_workflow.TestE2EFullWorkflow" name="test_e2e_tool_calling" time="1.070" /><testcase classname="tests.test_e2e_full_workflow.TestE2EHealthChecks" name="test_all_services_healthy" time="0.080"><failure message="httpx.RemoteProtocolError: Server disconnected without sending a response.">/home/sokatov/.conda/envs/usr/lib/python3.12/site-packages/httpx/_transports/default.py:101: in map_httpcore_exceptions
    yield
/home/sokatov/.conda/envs/usr/lib/python3.12/site-packages/httpx/_transports/default.py:394: in handle_async_request
    resp = await self._pool.handle_async_request(req)
           ^^^^^^^^^^^^^^^^^^^^^^^^^^^^^^^^^^^^^^^^^^
/home/sokatov/.conda/envs/usr/lib/python3.12/site-packages/httpcore/_async/connection_pool.py:256: in handle_async_request
    raise exc from None
/home/sokatov/.conda/envs/usr/lib/python3.12/site-packages/httpcore/_async/connection_pool.py:236: in handle_async_request
    response = await connection.handle_async_request(
/home/sokatov/.conda/envs/usr/lib/python3.12/site-packages/httpcore/_async/connection.py:103: in handle_async_request
    return await self._connection.handle_async_request(request)
           ^^^^^^^^^^^^^^^^^^^^^^^^^^^^^^^^^^^^^^^^^^^^^^^^^^^^
/home/sokatov/.conda/envs/usr/lib/python3.12/site-packages/httpcore/_async/http11.py:136: in handle_async_request
    raise exc
/home/sokatov/.conda/envs/usr/lib/python3.12/site-packages/httpcore/_async/http11.py:106: in handle_async_request
    ) = await self._receive_response_headers(**kwargs)
        ^^^^^^^^^^^^^^^^^^^^^^^^^^^^^^^^^^^^^^^^^^^^^^
/home/sokatov/.conda/envs/usr/lib/python3.12/site-packages/httpcore/_async/http11.py:177: in _receive_response_headers
    event = await self._receive_event(timeout=timeout)
            ^^^^^^^^^^^^^^^^^^^^^^^^^^^^^^^^^^^^^^^^^^
/home/sokatov/.conda/envs/usr/lib/python3.12/site-packages/httpcore/_async/http11.py:231: in _receive_event
    raise RemoteProtocolError(msg)
E   httpcore.RemoteProtocolError: Server disconnected without sending a response.

The above exception was the direct cause of the following exception:
tests/test_e2e_full_workflow.py:263: in test_all_services_healthy
    response = await ingestor_client.get(Ingestor.HEALTH)
               ^^^^^^^^^^^^^^^^^^^^^^^^^^^^^^^^^^^^^^^^^^
/home/sokatov/.conda/envs/usr/lib/python3.12/site-packages/httpx/_client.py:1768: in get
    return await self.request(
/home/sokatov/.conda/envs/usr/lib/python3.12/site-packages/httpx/_client.py:1540: in request
    return await self.send(request, auth=auth, follow_redirects=follow_redirects)
           ^^^^^^^^^^^^^^^^^^^^^^^^^^^^^^^^^^^^^^^^^^^^^^^^^^^^^^^^^^^^^^^^^^^^^^
/home/sokatov/.conda/envs/usr/lib/python3.12/site-packages/httpx/_client.py:1629: in send
    response = await self._send_handling_auth(
/home/sokatov/.conda/envs/usr/lib/python3.12/site-packages/httpx/_client.py:1657: in _send_handling_auth
    response = await self._send_handling_redirects(
/home/sokatov/.conda/envs/usr/lib/python3.12/site-packages/httpx/_client.py:1694: in _send_handling_redirects
    response = await self._send_single_request(request)
               ^^^^^^^^^^^^^^^^^^^^^^^^^^^^^^^^^^^^^^^^
/home/sokatov/.conda/envs/usr/lib/python3.12/site-packages/httpx/_client.py:1730: in _send_single_request
    response = await transport.handle_async_request(request)
               ^^^^^^^^^^^^^^^^^^^^^^^^^^^^^^^^^^^^^^^^^^^^^
/home/sokatov/.conda/envs/usr/lib/python3.12/site-packages/httpx/_transports/default.py:393: in handle_async_request
    with map_httpcore_exceptions():
         ^^^^^^^^^^^^^^^^^^^^^^^^^
/home/sokatov/.conda/envs/usr/lib/python3.12/contextlib.py:158: in __exit__
    self.gen.throw(value)
/home/sokatov/.conda/envs/usr/lib/python3.12/site-packages/httpx/_transports/default.py:118: in map_httpcore_exceptions
    raise mapped_exc(message) from exc
E   httpx.RemoteProtocolError: Server disconnected without sending a response.</failure></testcase><testcase classname="tests.test_e2e_full_workflow.TestE2EHealthChecks" name="test_db_connected" time="0.028" /><testcase classname="tests.test_e2e_full_workflow.TestE2EFullWorkflow" name="test_e2e_multiple_files_workflow" time="8.061"><failure message="httpx.ReadError">/home/sokatov/.conda/envs/usr/lib/python3.12/site-packages/httpx/_transports/default.py:101: in map_httpcore_exceptions
    yield
/home/sokatov/.conda/envs/usr/lib/python3.12/site-packages/httpx/_transports/default.py:394: in handle_async_request
    resp = await self._pool.handle_async_request(req)
           ^^^^^^^^^^^^^^^^^^^^^^^^^^^^^^^^^^^^^^^^^^
/home/sokatov/.conda/envs/usr/lib/python3.12/site-packages/httpcore/_async/connection_pool.py:256: in handle_async_request
    raise exc from None
/home/sokatov/.conda/envs/usr/lib/python3.12/site-packages/httpcore/_async/connection_pool.py:236: in handle_async_request
    response = await connection.handle_async_request(
/home/sokatov/.conda/envs/usr/lib/python3.12/site-packages/httpcore/_async/connection.py:103: in handle_async_request
    return await self._connection.handle_async_request(request)
           ^^^^^^^^^^^^^^^^^^^^^^^^^^^^^^^^^^^^^^^^^^^^^^^^^^^^
/home/sokatov/.conda/envs/usr/lib/python3.12/site-packages/httpcore/_async/http11.py:136: in handle_async_request
    raise exc
/home/sokatov/.conda/envs/usr/lib/python3.12/site-packages/httpcore/_async/http11.py:106: in handle_async_request
    ) = await self._receive_response_headers(**kwargs)
        ^^^^^^^^^^^^^^^^^^^^^^^^^^^^^^^^^^^^^^^^^^^^^^
/home/sokatov/.conda/envs/usr/lib/python3.12/site-packages/httpcore/_async/http11.py:177: in _receive_response_headers
    event = await self._receive_event(timeout=timeout)
            ^^^^^^^^^^^^^^^^^^^^^^^^^^^^^^^^^^^^^^^^^^
/home/sokatov/.conda/envs/usr/lib/python3.12/site-packages/httpcore/_async/http11.py:217: in _receive_event
    data = await self._network_stream.read(
/home/sokatov/.conda/envs/usr/lib/python3.12/site-packages/httpcore/_backends/anyio.py:32: in read
    with map_exceptions(exc_map):
         ^^^^^^^^^^^^^^^^^^^^^^^
/home/sokatov/.conda/envs/usr/lib/python3.12/contextlib.py:158: in __exit__
    self.gen.throw(value)
/home/sokatov/.conda/envs/usr/lib/python3.12/site-packages/httpcore/_exceptions.py:14: in map_exceptions
    raise to_exc(exc) from exc
E   httpcore.ReadError

The above exception was the direct cause of the following exception:
tests/test_e2e_full_workflow.py:148: in test_e2e_multiple_files_workflow
    response = await ingestor_client.post(Ingestor.SEARCH, json=search_payload)
               ^^^^^^^^^^^^^^^^^^^^^^^^^^^^^^^^^^^^^^^^^^^^^^^^^^^^^^^^^^^^^^^^
/home/sokatov/.conda/envs/usr/lib/python3.12/site-packages/httpx/_client.py:1859: in post
    return await self.request(
/home/sokatov/.conda/envs/usr/lib/python3.12/site-packages/httpx/_client.py:1540: in request
    return await self.send(request, auth=auth, follow_redirects=follow_redirects)
           ^^^^^^^^^^^^^^^^^^^^^^^^^^^^^^^^^^^^^^^^^^^^^^^^^^^^^^^^^^^^^^^^^^^^^^
/home/sokatov/.conda/envs/usr/lib/python3.12/site-packages/httpx/_client.py:1629: in send
    response = await self._send_handling_auth(
/home/sokatov/.conda/envs/usr/lib/python3.12/site-packages/httpx/_client.py:1657: in _send_handling_auth
    response = await self._send_handling_redirects(
/home/sokatov/.conda/envs/usr/lib/python3.12/site-packages/httpx/_client.py:1694: in _send_handling_redirects
    response = await self._send_single_request(request)
               ^^^^^^^^^^^^^^^^^^^^^^^^^^^^^^^^^^^^^^^^
/home/sokatov/.conda/envs/usr/lib/python3.12/site-packages/httpx/_client.py:1730: in _send_single_request
    response = await transport.handle_async_request(request)
               ^^^^^^^^^^^^^^^^^^^^^^^^^^^^^^^^^^^^^^^^^^^^^
/home/sokatov/.conda/envs/usr/lib/python3.12/site-packages/httpx/_transports/default.py:393: in handle_async_request
    with map_httpcore_exceptions():
         ^^^^^^^^^^^^^^^^^^^^^^^^^
/home/sokatov/.conda/envs/usr/lib/python3.12/contextlib.py:158: in __exit__
    self.gen.throw(value)
/home/sokatov/.conda/envs/usr/lib/python3.12/site-packages/httpx/_transports/default.py:118: in map_httpcore_exceptions
    raise mapped_exc(message) from exc
E   httpx.ReadError</failure></testcase><testcase classname="tests.test_e2e_full_workflow.TestE2EFullWorkflow" name="test_e2e_search_with_chat" time="0.089"><failure message="httpx.ReadError">/home/sokatov/.conda/envs/usr/lib/python3.12/site-packages/httpx/_transports/default.py:101: in map_httpcore_exceptions
    yield
/home/sokatov/.conda/envs/usr/lib/python3.12/site-packages/httpx/_transports/default.py:394: in handle_async_request
    resp = await self._pool.handle_async_request(req)
           ^^^^^^^^^^^^^^^^^^^^^^^^^^^^^^^^^^^^^^^^^^
/home/sokatov/.conda/envs/usr/lib/python3.12/site-packages/httpcore/_async/connection_pool.py:256: in handle_async_request
    raise exc from None
/home/sokatov/.conda/envs/usr/lib/python3.12/site-packages/httpcore/_async/connection_pool.py:236: in handle_async_request
    response = await connection.handle_async_request(
/home/sokatov/.conda/envs/usr/lib/python3.12/site-packages/httpcore/_async/connection.py:103: in handle_async_request
    return await self._connection.handle_async_request(request)
           ^^^^^^^^^^^^^^^^^^^^^^^^^^^^^^^^^^^^^^^^^^^^^^^^^^^^
/home/sokatov/.conda/envs/usr/lib/python3.12/site-packages/httpcore/_async/http11.py:136: in handle_async_request
    raise exc
/home/sokatov/.conda/envs/usr/lib/python3.12/site-packages/httpcore/_async/http11.py:106: in handle_async_request
    ) = await self._receive_response_headers(**kwargs)
        ^^^^^^^^^^^^^^^^^^^^^^^^^^^^^^^^^^^^^^^^^^^^^^
/home/sokatov/.conda/envs/usr/lib/python3.12/site-packages/httpcore/_async/http11.py:177: in _receive_response_headers
    event = await self._receive_event(timeout=timeout)
            ^^^^^^^^^^^^^^^^^^^^^^^^^^^^^^^^^^^^^^^^^^
/home/sokatov/.conda/envs/usr/lib/python3.12/site-packages/httpcore/_async/http11.py:217: in _receive_event
    data = await self._network_stream.read(
/home/sokatov/.conda/envs/usr/lib/python3.12/site-packages/httpcore/_backends/anyio.py:32: in read
    with map_exceptions(exc_map):
         ^^^^^^^^^^^^^^^^^^^^^^^
/home/sokatov/.conda/envs/usr/lib/python3.12/contextlib.py:158: in __exit__
    self.gen.throw(value)
/home/sokatov/.conda/envs/usr/lib/python3.12/site-packages/httpcore/_exceptions.py:14: in map_exceptions
    raise to_exc(exc) from exc
E   httpcore.ReadError

The above exception was the direct cause of the following exception:
tests/test_e2e_full_workflow.py:158: in test_e2e_search_with_chat
    search_response = await ingestor_client.post(Ingestor.SEARCH, json=search_payload)
                      ^^^^^^^^^^^^^^^^^^^^^^^^^^^^^^^^^^^^^^^^^^^^^^^^^^^^^^^^^^^^^^^^
/home/sokatov/.conda/envs/usr/lib/python3.12/site-packages/httpx/_client.py:1859: in post
    return await self.request(
/home/sokatov/.conda/envs/usr/lib/python3.12/site-packages/httpx/_client.py:1540: in request
    return await self.send(request, auth=auth, follow_redirects=follow_redirects)
           ^^^^^^^^^^^^^^^^^^^^^^^^^^^^^^^^^^^^^^^^^^^^^^^^^^^^^^^^^^^^^^^^^^^^^^
/home/sokatov/.conda/envs/usr/lib/python3.12/site-packages/httpx/_client.py:1629: in send
    response = await self._send_handling_auth(
/home/sokatov/.conda/envs/usr/lib/python3.12/site-packages/httpx/_client.py:1657: in _send_handling_auth
    response = await self._send_handling_redirects(
/home/sokatov/.conda/envs/usr/lib/python3.12/site-packages/httpx/_client.py:1694: in _send_handling_redirects
    response = await self._send_single_request(request)
               ^^^^^^^^^^^^^^^^^^^^^^^^^^^^^^^^^^^^^^^^
/home/sokatov/.conda/envs/usr/lib/python3.12/site-packages/httpx/_client.py:1730: in _send_single_request
    response = await transport.handle_async_request(request)
               ^^^^^^^^^^^^^^^^^^^^^^^^^^^^^^^^^^^^^^^^^^^^^
/home/sokatov/.conda/envs/usr/lib/python3.12/site-packages/httpx/_transports/default.py:393: in handle_async_request
    with map_httpcore_exceptions():
         ^^^^^^^^^^^^^^^^^^^^^^^^^
/home/sokatov/.conda/envs/usr/lib/python3.12/contextlib.py:158: in __exit__
    self.gen.throw(value)
/home/sokatov/.conda/envs/usr/lib/python3.12/site-packages/httpx/_transports/default.py:118: in map_httpcore_exceptions
    raise mapped_exc(message) from exc
E   httpx.ReadError</failure></testcase><testcase classname="tests.test_e2e_full_workflow.TestE2EFullWorkflow" name="test_e2e_file_lifecycle" time="8.038"><skipped type="pytest.skip" message="File was not indexed">/sda/sokatov/own/perslad/e2e-tests/tests/test_e2e_full_workflow.py:192: File was not indexed</skipped></testcase><testcase classname="tests.test_agents_ingestor_integration.TestInitialScan" name="test_expected_invalid_files_in_db" time="30.079"><error message="failed on setup with &quot;Failed: Expected files not indexed within 30s: ['test_sample.py', 'test_sample.md', 'test_sample.txt', 'test_empty.txt', 'test_binary.bin']&quot;">/home/sokatov/.conda/envs/usr/lib/python3.12/site-packages/pytest_asyncio/plugin.py:302: in _asyncgen_fixture_wrapper
    result = event_loop.run_until_complete(setup())
             ^^^^^^^^^^^^^^^^^^^^^^^^^^^^^^^^^^^^^^
/home/sokatov/.conda/envs/usr/lib/python3.12/asyncio/base_events.py:691: in run_until_complete
    return future.result()
           ^^^^^^^^^^^^^^^
/home/sokatov/.conda/envs/usr/lib/python3.12/site-packages/pytest_asyncio/plugin.py:284: in setup
    res = await gen_obj.__anext__()
          ^^^^^^^^^^^^^^^^^^^^^^^^^
tests/conftest.py:459: in ensure_test_sample_indexed
    pytest.fail(f"Expected files not indexed within {timeout}s: {missing}")
E   Failed: Expected files not indexed within 30s: ['test_sample.py', 'test_sample.md', 'test_sample.txt', 'test_empty.txt', 'test_binary.bin']</error></testcase><testcase classname="tests.test_component_ingestor.TestInitialScanState" name="test_expected_invalid_files_in_db" time="30.091"><error message="failed on setup with &quot;Failed: Expected files not indexed within 30s: ['test_sample.py', 'test_sample.md', 'test_sample.txt', 'test_empty.txt', 'test_binary.bin']&quot;">/home/sokatov/.conda/envs/usr/lib/python3.12/site-packages/pytest_asyncio/plugin.py:302: in _asyncgen_fixture_wrapper
    result = event_loop.run_until_complete(setup())
             ^^^^^^^^^^^^^^^^^^^^^^^^^^^^^^^^^^^^^^
/home/sokatov/.conda/envs/usr/lib/python3.12/asyncio/base_events.py:691: in run_until_complete
    return future.result()
           ^^^^^^^^^^^^^^^
/home/sokatov/.conda/envs/usr/lib/python3.12/site-packages/pytest_asyncio/plugin.py:284: in setup
    res = await gen_obj.__anext__()
          ^^^^^^^^^^^^^^^^^^^^^^^^^
tests/conftest.py:459: in ensure_test_sample_indexed
    pytest.fail(f"Expected files not indexed within {timeout}s: {missing}")
E   Failed: Expected files not indexed within 30s: ['test_sample.py', 'test_sample.md', 'test_sample.txt', 'test_empty.txt', 'test_binary.bin']</error></testcase><testcase classname="tests.test_e2e_full_workflow.TestE2EFullWorkflow" name="test_e2e_streaming_chat" time="1.510" /><testcase classname="tests.test_indexation_workflows.TestFileCreationViaInotify" name="test_batch_files_created_indexed" time="8.042"><failure message="AssertionError: File test_batch_e0edf8a2_0.txt should be indexed&#10;assert None is not None">tests/test_indexation_workflows.py:189: in test_batch_files_created_indexed
    assert summary is not None, f"File {rel_file_path} should be indexed"
E   AssertionError: File test_batch_e0edf8a2_0.txt should be indexed
E   assert None is not None</failure></testcase><testcase classname="tests.test_indexation_workflows.TestInitialScan" name="test_expected_valid_files_in_db" time="30.079"><error message="failed on setup with &quot;Failed: Expected files not indexed within 30s: ['test_sample.py', 'test_sample.md', 'test_sample.txt', 'test_empty.txt', 'test_binary.bin']&quot;">/home/sokatov/.conda/envs/usr/lib/python3.12/site-packages/pytest_asyncio/plugin.py:302: in _asyncgen_fixture_wrapper
    result = event_loop.run_until_complete(setup())
             ^^^^^^^^^^^^^^^^^^^^^^^^^^^^^^^^^^^^^^
/home/sokatov/.conda/envs/usr/lib/python3.12/asyncio/base_events.py:691: in run_until_complete
    return future.result()
           ^^^^^^^^^^^^^^^
/home/sokatov/.conda/envs/usr/lib/python3.12/site-packages/pytest_asyncio/plugin.py:284: in setup
    res = await gen_obj.__anext__()
          ^^^^^^^^^^^^^^^^^^^^^^^^^
tests/conftest.py:459: in ensure_test_sample_indexed
    pytest.fail(f"Expected files not indexed within {timeout}s: {missing}")
E   Failed: Expected files not indexed within 30s: ['test_sample.py', 'test_sample.md', 'test_sample.txt', 'test_empty.txt', 'test_binary.bin']</error></testcase><testcase classname="tests.test_indexation_workflows.TestFileDeletionViaInotify" name="test_file_deleted_removed_from_db" time="16.052" /><testcase classname="tests.test_indexation_workflows.TestFileUpdateViaInotify" name="test_file_updated_reindexed" time="8.039"><skipped type="pytest.skip" message="File was not indexed">/sda/sokatov/own/perslad/e2e-tests/tests/test_indexation_workflows.py:260: File was not indexed</skipped></testcase><testcase classname="tests.test_agents_ingestor_integration.TestInitialScan" name="test_valid_files_have_metadata" time="30.069"><error message="failed on setup with &quot;Failed: Expected files not indexed within 30s: ['test_empty.txt']&quot;">/home/sokatov/.conda/envs/usr/lib/python3.12/site-packages/pytest_asyncio/plugin.py:302: in _asyncgen_fixture_wrapper
    result = event_loop.run_until_complete(setup())
             ^^^^^^^^^^^^^^^^^^^^^^^^^^^^^^^^^^^^^^
/home/sokatov/.conda/envs/usr/lib/python3.12/asyncio/base_events.py:691: in run_until_complete
    return future.result()
           ^^^^^^^^^^^^^^^
/home/sokatov/.conda/envs/usr/lib/python3.12/site-packages/pytest_asyncio/plugin.py:284: in setup
    res = await gen_obj.__anext__()
          ^^^^^^^^^^^^^^^^^^^^^^^^^
tests/conftest.py:459: in ensure_test_sample_indexed
    pytest.fail(f"Expected files not indexed within {timeout}s: {missing}")
E   Failed: Expected files not indexed within 30s: ['test_empty.txt']</error></testcase><testcase classname="tests.test_component_ingestor.TestInitialScanState" name="test_chunks_have_required_fields" time="30.078"><error message="failed on setup with &quot;Failed: Expected files not indexed within 30s: ['test_empty.txt']&quot;">/home/sokatov/.conda/envs/usr/lib/python3.12/site-packages/pytest_asyncio/plugin.py:302: in _asyncgen_fixture_wrapper
    result = event_loop.run_until_complete(setup())
             ^^^^^^^^^^^^^^^^^^^^^^^^^^^^^^^^^^^^^^
/home/sokatov/.conda/envs/usr/lib/python3.12/asyncio/base_events.py:691: in run_until_complete
    return future.result()
           ^^^^^^^^^^^^^^^
/home/sokatov/.conda/envs/usr/lib/python3.12/site-packages/pytest_asyncio/plugin.py:284: in setup
    res = await gen_obj.__anext__()
          ^^^^^^^^^^^^^^^^^^^^^^^^^
tests/conftest.py:459: in ensure_test_sample_indexed
    pytest.fail(f"Expected files not indexed within {timeout}s: {missing}")
E   Failed: Expected files not indexed within 30s: ['test_empty.txt']</error></testcase><testcase classname="tests.test_component_ingestor.TestFileIndexingViaInotify" name="test_text_file_indexed_via_inotify" time="8.039"><failure message="AssertionError: File test_component_text_36984171.txt should be in file_summaries&#10;assert None is not None">tests/test_component_ingestor.py:171: in test_text_file_indexed_via_inotify
    assert summary is not None, f"File {rel_file_path} should be in file_summaries"
E   AssertionError: File test_component_text_36984171.txt should be in file_summaries
E   assert None is not None</failure></testcase><testcase classname="tests.test_indexation_workflows.TestEmptyAndBinaryFiles" name="test_empty_file_has_error" time="8.048" /><testcase classname="tests.test_indexation_workflows.TestInitialScan" name="test_expected_invalid_files_in_db" time="30.070"><error message="failed on setup with &quot;Failed: Expected files not indexed within 30s: ['test_empty.txt']&quot;">/home/sokatov/.conda/envs/usr/lib/python3.12/site-packages/pytest_asyncio/plugin.py:302: in _asyncgen_fixture_wrapper
    result = event_loop.run_until_complete(setup())
             ^^^^^^^^^^^^^^^^^^^^^^^^^^^^^^^^^^^^^^
/home/sokatov/.conda/envs/usr/lib/python3.12/asyncio/base_events.py:691: in run_until_complete
    return future.result()
           ^^^^^^^^^^^^^^^
/home/sokatov/.conda/envs/usr/lib/python3.12/site-packages/pytest_asyncio/plugin.py:284: in setup
    res = await gen_obj.__anext__()
          ^^^^^^^^^^^^^^^^^^^^^^^^^
tests/conftest.py:459: in ensure_test_sample_indexed
    pytest.fail(f"Expected files not indexed within {timeout}s: {missing}")
E   Failed: Expected files not indexed within 30s: ['test_empty.txt']</error></testcase><testcase classname="tests.test_component_ingestor.TestFileIndexingViaInotify" name="test_code_file_indexed_via_inotify" time="8.038"><failure message="AssertionError: Code file should be in file_summaries&#10;assert None is not None">tests/test_component_ingestor.py:202: in test_code_file_indexed_via_inotify
    assert summary is not None, f"Code file should be in file_summaries"
E   AssertionError: Code file should be in file_summaries
E   assert None is not None</failure></testcase><testcase classname="tests.test_indexation_workflows.TestEmptyAndBinaryFiles" name="test_binary_file_has_error" time="8.039" /><testcase classname="tests.test_indexation_workflows.TestMetadataHandling" name="test_chunks_have_embeddings" time="0.032" /><testcase classname="tests.test_indexation_workflows.TestMetadataHandling" name="test_chunks_have_summaries" time="0.029" /><testcase classname="tests.test_infrastructure.TestInfrastructure" name="test_async_test_execution" time="0.025" /><testcase classname="tests.test_infrastructure.TestInfrastructure" name="test_fixture_access" time="0.017" /><testcase classname="tests.test_infrastructure.TestInfrastructure" name="test_async_fixture_access" time="0.046" /><testcase classname="tests.test_infrastructure.TestInfrastructure" name="test_test_workspace" time="0.016" /><testcase classname="tests.test_infrastructure.TestInfrastructure" name="test_test_data" time="0.016" /><testcase classname="tests.test_infrastructure.TestInfrastructure" name="test_async_function" time="0.025" /><testcase classname="tests.test_infrastructure.TestInfrastructure" name="test_marked_functions" time="0.015" /><testcase classname="tests.test_user_requests_responses.TestHealthEndpoints" name="test_ingestor_health" time="0.060" /><testcase classname="tests.test_user_requests_responses.TestHealthEndpoints" name="test_langgraph_health" time="0.048" /><testcase classname="tests.test_user_requests_responses.TestHealthEndpoints" name="test_llm_health" time="0.054" /><testcase classname="tests.test_user_requests_responses.TestSearchEndpoints" name="test_search_returns_results" time="0.108" /><testcase classname="tests.test_user_requests_responses.TestSearchEndpoints" name="test_search_with_top_k" time="0.078" /><testcase classname="tests.test_user_requests_responses.TestSearchEndpoints" name="test_search_empty_query" time="0.051" /><testcase classname="tests.test_user_requests_responses.TestChatEndpoints" name="test_chat_completion_basic" time="0.812" /><testcase classname="tests.test_user_requests_responses.TestChatEndpoints" name="test_chat_completion_invalid_payload" time="0.050" /><testcase classname="tests.test_user_requests_responses.TestChatEndpoints" name="test_chat_streaming" time="4.750" /><testcase classname="tests.test_indexation_workflows.TestSearchAfterIndexation" name="test_search_finds_indexed_content" time="0.094" /><testcase classname="tests.test_user_requests_responses.TestLLMEndpoints" name="test_llm_chat_completion" time="0.200" /><testcase classname="tests.test_user_requests_responses.TestLLMEndpoints" name="test_llm_streaming" time="0.442" /><testcase classname="tests.test_user_requests_responses.TestEmbeddingEndpoints" name="test_embedding_generation" time="0.067" /><testcase classname="tests.test_user_requests_responses.TestMCPEndpoints" name="test_mcp_tools_list" time="0.085" /><testcase classname="tests.test_user_requests_responses.TestMCPEndpoints" name="test_mcp_tool_call" time="0.063" /><testcase classname="tests.test_user_requests_responses.TestStatsEndpoints" name="test_ingestor_stats" time="0.058" /><testcase classname="tests.test_user_requests_responses.TestErrorHandling" name="test_invalid_endpoint" time="0.055" /><testcase classname="tests.test_user_requests_responses.TestErrorHandling" name="test_invalid_method" time="0.052" /><testcase classname="tests.test_user_requests_responses.TestErrorHandling" name="test_malformed_json" time="0.048" /><testcase classname="tests.test_user_requests_responses.TestErrorHandling" name="test_large_payload" time="1.527" /><testcase classname="tests.test_user_requests_responses.TestChatEndpoints" name="test_chat_with_tools" time="2.897" /><testcase classname="tests.test_user_requests_responses.TestConcurrentRequests" name="test_concurrent_chat_requests" time="3.954" /><testcase classname="tests.test_user_requests_responses.TestConcurrentRequests" name="test_concurrent_search_requests" time="0.158" /><testcase classname="tests.test_agents_ingestor_integration.TestInitialScan" name="test_chunks_have_embeddings_and_summaries" time="30.075"><error message="failed on setup with &quot;Failed: Expected files not indexed within 30s: ['test_empty.txt']&quot;">/home/sokatov/.conda/envs/usr/lib/python3.12/site-packages/pytest_asyncio/plugin.py:302: in _asyncgen_fixture_wrapper
    result = event_loop.run_until_complete(setup())
             ^^^^^^^^^^^^^^^^^^^^^^^^^^^^^^^^^^^^^^
/home/sokatov/.conda/envs/usr/lib/python3.12/asyncio/base_events.py:691: in run_until_complete
    return future.result()
           ^^^^^^^^^^^^^^^
/home/sokatov/.conda/envs/usr/lib/python3.12/site-packages/pytest_asyncio/plugin.py:284: in setup
    res = await gen_obj.__anext__()
          ^^^^^^^^^^^^^^^^^^^^^^^^^
tests/conftest.py:459: in ensure_test_sample_indexed
    pytest.fail(f"Expected files not indexed within {timeout}s: {missing}")
E   Failed: Expected files not indexed within 30s: ['test_empty.txt']</error></testcase><testcase classname="tests.test_indexation_workflows.TestInitialScan" name="test_valid_files_have_metadata" time="30.073"><error message="failed on setup with &quot;Failed: Expected files not indexed within 30s: ['test_empty.txt']&quot;">/home/sokatov/.conda/envs/usr/lib/python3.12/site-packages/pytest_asyncio/plugin.py:302: in _asyncgen_fixture_wrapper
    result = event_loop.run_until_complete(setup())
             ^^^^^^^^^^^^^^^^^^^^^^^^^^^^^^^^^^^^^^
/home/sokatov/.conda/envs/usr/lib/python3.12/asyncio/base_events.py:691: in run_until_complete
    return future.result()
           ^^^^^^^^^^^^^^^
/home/sokatov/.conda/envs/usr/lib/python3.12/site-packages/pytest_asyncio/plugin.py:284: in setup
    res = await gen_obj.__anext__()
          ^^^^^^^^^^^^^^^^^^^^^^^^^
tests/conftest.py:459: in ensure_test_sample_indexed
    pytest.fail(f"Expected files not indexed within {timeout}s: {missing}")
E   Failed: Expected files not indexed within 30s: ['test_empty.txt']</error></testcase><testcase classname="tests.test_indexation_workflows.TestFileCreationViaInotify" name="test_text_file_created_indexed" time="8.039" /><testcase classname="tests.test_indexation_workflows.TestFileCreationViaInotify" name="test_code_file_created_indexed" time="8.048" /><testcase classname="tests.test_agents_ingestor_integration.TestInitialScan" name="test_no_orphan_files_in_db" time="30.075"><error message="failed on setup with &quot;Failed: Expected files not indexed within 30s: ['test_empty.txt']&quot;">/home/sokatov/.conda/envs/usr/lib/python3.12/site-packages/pytest_asyncio/plugin.py:302: in _asyncgen_fixture_wrapper
    result = event_loop.run_until_complete(setup())
             ^^^^^^^^^^^^^^^^^^^^^^^^^^^^^^^^^^^^^^
/home/sokatov/.conda/envs/usr/lib/python3.12/asyncio/base_events.py:691: in run_until_complete
    return future.result()
           ^^^^^^^^^^^^^^^
/home/sokatov/.conda/envs/usr/lib/python3.12/site-packages/pytest_asyncio/plugin.py:284: in setup
    res = await gen_obj.__anext__()
          ^^^^^^^^^^^^^^^^^^^^^^^^^
tests/conftest.py:459: in ensure_test_sample_indexed
    pytest.fail(f"Expected files not indexed within {timeout}s: {missing}")
E   Failed: Expected files not indexed within 30s: ['test_empty.txt']</error></testcase><testcase classname="tests.test_agents_ingestor_integration.TestFileCreation" name="test_file_created_in_container_indexed" time="3.034" /><testcase classname="tests.test_agents_ingestor_integration.TestFileCreation" name="test_empty_file_created_in_container" time="3.048" /></testsuite></testsuites>